http://download.microsoft.com/download/a/0/9/a09e587c-4ff9-4a58-a854-56fe50b862b2/Windows Embedded CE 6.0.msi
http://download.microsoft.com/download/a/0/9/a09e587c-4ff9-4a58-a854-56fe50b862b2/tools.cab
http://download.microsoft.com/download/a/0/9/a09e587c-4ff9-4a58-a854-56fe50b862b2/tools_platman.cab
http://download.microsoft.com/download/a/0/9/a09e587c-4ff9-4a58-a854-56fe50b862b2/tools_shared.cab
http://download.microsoft.com/download/a/0/9/a09e587c-4ff9-4a58-a854-56fe50b862b2/tools_vc80.cab
http://download.microsoft.com/download/a/0/9/a09e587c-4ff9-4a58-a854-56fe50b862b2/tools_diagnostics.cab
http://download.microsoft.com/download/a/0/9/a09e587c-4ff9-4a58-a854-56fe50b862b2/tools_corecon.cab
http://download.microsoft.com/download/a/0/9/a09e587c-4ff9-4a58-a854-56fe50b862b2/emulator.cab
http://download.microsoft.com/download/a/0/9/a09e587c-4ff9-4a58-a854-56fe50b862b2/Data_1.cab
http://download.microsoft.com/download/a/0/9/a09e587c-4ff9-4a58-a854-56fe50b862b2/wcetk_2.cab
http://download.microsoft.com/download/a/0/9/a09e587c-4ff9-4a58-a854-56fe50b862b2/wcetk_3.cab
http://download.microsoft.com/download/a/0/9/a09e587c-4ff9-4a58-a854-56fe50b862b2/wcetk_4.cab
http://download.microsoft.com/download/a/0/9/a09e587c-4ff9-4a58-a854-56fe50b862b2/wcetk_5.cab
http://download.microsoft.com/download/a/0/9/a09e587c-4ff9-4a58-a854-56fe50b862b2/wcetk_6.cab
http://download.microsoft.com/download/a/0/9/a09e587c-4ff9-4a58-a854-56fe50b862b2/wcetk_8.cab
http://download.microsoft.com/download/a/0/9/a09e587c-4ff9-4a58-a854-56fe50b862b2/wcetk_10.cab
http://download.microsoft.com/download/a/0/9/a09e587c-4ff9-4a58-a854-56fe50b862b2/wcetk_11.cab
http://download.microsoft.com/download/a/0/9/a09e587c-4ff9-4a58-a854-56fe50b862b2/CE_1_1.cab
http://download.microsoft.com/download/a/0/9/a09e587c-4ff9-4a58-a854-56fe50b862b2/CE_1_2.cab
http://download.microsoft.com/download/a/0/9/a09e587c-4ff9-4a58-a854-56fe50b862b2/CE_1_3.cab
http://download.microsoft.com/download/a/0/9/a09e587c-4ff9-4a58-a854-56fe50b862b2/CE_1_4.cab
http://download.microsoft.com/download/a/0/9/a09e587c-4ff9-4a58-a854-56fe50b862b2/CE_1_5.cab
http://download.microsoft.com/download/a/0/9/a09e587c-4ff9-4a58-a854-56fe50b862b2/CE_1_6.cab
http://download.microsoft.com/download/a/0/9/a09e587c-4ff9-4a58-a854-56fe50b862b2/CE_2_1.cab
http://download.microsoft.com/download/a/0/9/a09e587c-4ff9-4a58-a854-56fe50b862b2/CE_2_2.cab
http://download.microsoft.com/download/a/0/9/a09e587c-4ff9-4a58-a854-56fe50b862b2/CE_2_3.cab
http://download.microsoft.com/download/a/0/9/a09e587c-4ff9-4a58-a854-56fe50b862b2/CE_2_4.cab
http://download.microsoft.com/download/a/0/9/a09e587c-4ff9-4a58-a854-56fe50b862b2/CE_2_5.cab
http://download.microsoft.com/download/a/0/9/a09e587c-4ff9-4a58-a854-56fe50b862b2/CE_3_1.cab
http://download.microsoft.com/download/a/0/9/a09e587c-4ff9-4a58-a854-56fe50b862b2/CE_3_2.cab
http://download.microsoft.com/download/a/0/9/a09e587c-4ff9-4a58-a854-56fe50b862b2/CE_3_3.cab
http://download.microsoft.com/download/a/0/9/a09e587c-4ff9-4a58-a854-56fe50b862b2/CE_3_4.cab
http://download.microsoft.com/download/a/0/9/a09e587c-4ff9-4a58-a854-56fe50b862b2/CE_3_5.cab
http://download.microsoft.com/download/a/0/9/a09e587c-4ff9-4a58-a854-56fe50b862b2/CE_3_6.cab
http://download.microsoft.com/download/a/0/9/a09e587c-4ff9-4a58-a854-56fe50b862b2/CE_3_7.cab
http://download.microsoft.com/download/a/0/9/a09e587c-4ff9-4a58-a854-56fe50b862b2/CE_3_8.cab
http://download.microsoft.com/download/a/0/9/a09e587c-4ff9-4a58-a854-56fe50b862b2/CE_3_9.cab
http://download.microsoft.com/download/a/0/9/a09e587c-4ff9-4a58-a854-56fe50b862b2/CE_3_10.cab
http://download.microsoft.com/download/a/0/9/a09e587c-4ff9-4a58-a854-56fe50b862b2/CE_3_11.cab
http://download.microsoft.com/download/a/0/9/a09e587c-4ff9-4a58-a854-56fe50b862b2/CE_3_12.cab
http://download.microsoft.com/download/a/0/9/a09e587c-4ff9-4a58-a854-56fe50b862b2/CE_3_13.cab
http://download.microsoft.com/download/a/0/9/a09e587c-4ff9-4a58-a854-56fe50b862b2/CE_3_14.cab
http://download.microsoft.com/download/a/0/9/a09e587c-4ff9-4a58-a854-56fe50b862b2/CE_3_15.cab
http://download.microsoft.com/download/a/0/9/a09e587c-4ff9-4a58-a854-56fe50b862b2/CE_3_16.cab
http://download.microsoft.com/download/a/0/9/a09e587c-4ff9-4a58-a854-56fe50b862b2/CE_3_17.cab
http://download.microsoft.com/download/a/0/9/a09e587c-4ff9-4a58-a854-56fe50b862b2/CE_3_18.cab
http://download.microsoft.com/download/a/0/9/a09e587c-4ff9-4a58-a854-56fe50b862b2/CE_3_19.cab
http://download.microsoft.com/download/a/0/9/a09e587c-4ff9-4a58-a854-56fe50b862b2/CE_3_20.cab
http://download.microsoft.com/download/a/0/9/a09e587c-4ff9-4a58-a854-56fe50b862b2/CE_3_21.cab
http://download.microsoft.com/download/a/0/9/a09e587c-4ff9-4a58-a854-56fe50b862b2/CE_3_22.cab
http://download.microsoft.com/download/a/0/9/a09e587c-4ff9-4a58-a854-56fe50b862b2/CE_4_1.cab
http://download.microsoft.com/download/a/0/9/a09e587c-4ff9-4a58-a854-56fe50b862b2/CE_4_2.cab
http://download.microsoft.com/download/a/0/9/a09e587c-4ff9-4a58-a854-56fe50b862b2/CE_4_3.cab
http://download.microsoft.com/download/a/0/9/a09e587c-4ff9-4a58-a854-56fe50b862b2/CE_4_4.cab
http://download.microsoft.com/download/a/0/9/a09e587c-4ff9-4a58-a854-56fe50b862b2/CE_4_5.cab
http://download.microsoft.com/download/a/0/9/a09e587c-4ff9-4a58-a854-56fe50b862b2/CE_4_6.cab
http://download.microsoft.com/download/a/0/9/a09e587c-4ff9-4a58-a854-56fe50b862b2/CE_4_7.cab
http://download.microsoft.com/download/a/0/9/a09e587c-4ff9-4a58-a854-56fe50b862b2/CE_4_8.cab
http://download.microsoft.com/download/a/0/9/a09e587c-4ff9-4a58-a854-56fe50b862b2/CE_4_9.cab
http://download.microsoft.com/download/a/0/9/a09e587c-4ff9-4a58-a854-56fe50b862b2/CE_4_10.cab
http://download.microsoft.com/download/a/0/9/a09e587c-4ff9-4a58-a854-56fe50b862b2/CE_4_11.cab
http://download.microsoft.com/download/a/0/9/a09e587c-4ff9-4a58-a854-56fe50b862b2/CE_4_12.cab
http://download.microsoft.com/download/a/0/9/a09e587c-4ff9-4a58-a854-56fe50b862b2/CE_4_13.cab
http://download.microsoft.com/download/a/0/9/a09e587c-4ff9-4a58-a854-56fe50b862b2/CE_4_14.cab
http://download.microsoft.com/download/a/0/9/a09e587c-4ff9-4a58-a854-56fe50b862b2/CE_4_15.cab
http://download.microsoft.com/download/a/0/9/a09e587c-4ff9-4a58-a854-56fe50b862b2/CE_4_16.cab
http://download.microsoft.com/download/a/0/9/a09e587c-4ff9-4a58-a854-56fe50b862b2/CE_4_17.cab
http://download.microsoft.com/download/a/0/9/a09e587c-4ff9-4a58-a854-56fe50b862b2/CE_4_18.cab
http://download.microsoft.com/download/a/0/9/a09e587c-4ff9-4a58-a854-56fe50b862b2/CE_4_19.cab
http://download.microsoft.com/download/a/0/9/a09e587c-4ff9-4a58-a854-56fe50b862b2/CE_4_20.cab
http://download.microsoft.com/download/a/0/9/a09e587c-4ff9-4a58-a854-56fe50b862b2/CE_4_21.cab
http://download.microsoft.com/download/a/0/9/a09e587c-4ff9-4a58-a854-56fe50b862b2/CE_4_22.cab
http://download.microsoft.com/download/a/0/9/a09e587c-4ff9-4a58-a854-56fe50b862b2/CE_4_23.cab
http://download.microsoft.com/download/a/0/9/a09e587c-4ff9-4a58-a854-56fe50b862b2/CE_4_24.cab
http://download.microsoft.com/download/a/0/9/a09e587c-4ff9-4a58-a854-56fe50b862b2/CE_5_1.cab
http://download.microsoft.com/download/a/0/9/a09e587c-4ff9-4a58-a854-56fe50b862b2/CE_5_2.cab
http://download.microsoft.com/download/a/0/9/a09e587c-4ff9-4a58-a854-56fe50b862b2/CE_5_3.cab
http://download.microsoft.com/download/a/0/9/a09e587c-4ff9-4a58-a854-56fe50b862b2/CE_5_4.cab
http://download.microsoft.com/download/a/0/9/a09e587c-4ff9-4a58-a854-56fe50b862b2/CE_5_5.cab
http://download.microsoft.com/download/a/0/9/a09e587c-4ff9-4a58-a854-56fe50b862b2/CE_5_6.cab
http://download.microsoft.com/download/a/0/9/a09e587c-4ff9-4a58-a854-56fe50b862b2/CE_5_7.cab
http://download.microsoft.com/download/a/0/9/a09e587c-4ff9-4a58-a854-56fe50b862b2/CE_5_8.cab
http://download.microsoft.com/download/a/0/9/a09e587c-4ff9-4a58-a854-56fe50b862b2/CE_5_9.cab
http://download.microsoft.com/download/a/0/9/a09e587c-4ff9-4a58-a854-56fe50b862b2/CE_5_10.cab
http://download.microsoft.com/download/a/0/9/a09e587c-4ff9-4a58-a854-56fe50b862b2/CE_5_11.cab
http://download.microsoft.com/download/a/0/9/a09e587c-4ff9-4a58-a854-56fe50b862b2/CE_5_12.cab
http://download.microsoft.com/download/a/0/9/a09e587c-4ff9-4a58-a854-56fe50b862b2/CE_5_13.cab
http://download.microsoft.com/download/a/0/9/a09e587c-4ff9-4a58-a854-56fe50b862b2/CE_5_14.cab
http://download.microsoft.com/download/a/0/9/a09e587c-4ff9-4a58-a854-56fe50b862b2/CE_5_15.cab
http://download.microsoft.com/download/a/0/9/a09e587c-4ff9-4a58-a854-56fe50b862b2/CE_5_16.cab
http://download.microsoft.com/download/a/0/9/a09e587c-4ff9-4a58-a854-56fe50b862b2/CE_5_17.cab
http://download.microsoft.com/download/a/0/9/a09e587c-4ff9-4a58-a854-56fe50b862b2/CE_5_18.cab
http://download.microsoft.com/download/a/0/9/a09e587c-4ff9-4a58-a854-56fe50b862b2/CE_5_19.cab
http://download.microsoft.com/download/a/0/9/a09e587c-4ff9-4a58-a854-56fe50b862b2/CE_5_20.cab
http://download.microsoft.com/download/a/0/9/a09e587c-4ff9-4a58-a854-56fe50b862b2/CE_5_21.cab
http://download.microsoft.com/download/a/0/9/a09e587c-4ff9-4a58-a854-56fe50b862b2/CE_5_22.cab
http://download.microsoft.com/download/a/0/9/a09e587c-4ff9-4a58-a854-56fe50b862b2/CE_5_23.cab
http://download.microsoft.com/download/a/0/9/a09e587c-4ff9-4a58-a854-56fe50b862b2/CE_5_24.cab
http://download.microsoft.com/download/a/0/9/a09e587c-4ff9-4a58-a854-56fe50b862b2/CE_6_1.cab
http://download.microsoft.com/download/a/0/9/a09e587c-4ff9-4a58-a854-56fe50b862b2/CE_6_2.cab
http://download.microsoft.com/download/a/0/9/a09e587c-4ff9-4a58-a854-56fe50b862b2/CE_6_3.cab
http://download.microsoft.com/download/a/0/9/a09e587c-4ff9-4a58-a854-56fe50b862b2/CE_6_4.cab
http://download.microsoft.com/download/a/0/9/a09e587c-4ff9-4a58-a854-56fe50b862b2/CE_6_5.cab
http://download.microsoft.com/download/a/0/9/a09e587c-4ff9-4a58-a854-56fe50b862b2/CE_6_6.cab
http://download.microsoft.com/download/a/0/9/a09e587c-4ff9-4a58-a854-56fe50b862b2/CE_6_7.cab
http://download.microsoft.com/download/a/0/9/a09e587c-4ff9-4a58-a854-56fe50b862b2/CE_6_8.cab
http://download.microsoft.com/download/a/0/9/a09e587c-4ff9-4a58-a854-56fe50b862b2/CE_6_9.cab
http://download.microsoft.com/download/a/0/9/a09e587c-4ff9-4a58-a854-56fe50b862b2/CE_6_10.cab
http://download.microsoft.com/download/a/0/9/a09e587c-4ff9-4a58-a854-56fe50b862b2/CE_6_11.cab
http://download.microsoft.com/download/a/0/9/a09e587c-4ff9-4a58-a854-56fe50b862b2/CE_6_12.cab
http://download.microsoft.com/download/a/0/9/a09e587c-4ff9-4a58-a854-56fe50b862b2/CE_6_13.cab
http://download.microsoft.com/download/a/0/9/a09e587c-4ff9-4a58-a854-56fe50b862b2/CE_6_14.cab
http://download.microsoft.com/download/a/0/9/a09e587c-4ff9-4a58-a854-56fe50b862b2/CE_6_15.cab
http://download.microsoft.com/download/a/0/9/a09e587c-4ff9-4a58-a854-56fe50b862b2/CE_6_16.cab
http://download.microsoft.com/download/a/0/9/a09e587c-4ff9-4a58-a854-56fe50b862b2/CE_6_17.cab
http://download.microsoft.com/download/a/0/9/a09e587c-4ff9-4a58-a854-56fe50b862b2/CE_6_18.cab
http://download.microsoft.com/download/a/0/9/a09e587c-4ff9-4a58-a854-56fe50b862b2/CE_6_19.cab
http://download.microsoft.com/download/a/0/9/a09e587c-4ff9-4a58-a854-56fe50b862b2/CE_6_20.cab
http://download.microsoft.com/download/a/0/9/a09e587c-4ff9-4a58-a854-56fe50b862b2/CE_6_21.cab
http://download.microsoft.com/download/a/0/9/a09e587c-4ff9-4a58-a854-56fe50b862b2/CE_6_22.cab
http://download.microsoft.com/download/a/0/9/a09e587c-4ff9-4a58-a854-56fe50b862b2/CE_6_23.cab
http://download.microsoft.com/download/a/0/9/a09e587c-4ff9-4a58-a854-56fe50b862b2/CE_6_24.cab
http://download.microsoft.com/download/a/0/9/a09e587c-4ff9-4a58-a854-56fe50b862b2/CE_6_25.cab
http://download.microsoft.com/download/a/0/9/a09e587c-4ff9-4a58-a854-56fe50b862b2/CE_6_26.cab
http://download.microsoft.com/download/a/0/9/a09e587c-4ff9-4a58-a854-56fe50b862b2/CE_7_1.cab
http://download.microsoft.com/download/a/0/9/a09e587c-4ff9-4a58-a854-56fe50b862b2/CE_7_2.cab
http://download.microsoft.com/download/a/0/9/a09e587c-4ff9-4a58-a854-56fe50b862b2/CE_7_3.cab
http://download.microsoft.com/download/a/0/9/a09e587c-4ff9-4a58-a854-56fe50b862b2/CE_7_4.cab
http://download.microsoft.com/download/a/0/9/a09e587c-4ff9-4a58-a854-56fe50b862b2/CE_7_5.cab
http://download.microsoft.com/download/a/0/9/a09e587c-4ff9-4a58-a854-56fe50b862b2/CE_7_6.cab
http://download.microsoft.com/download/a/0/9/a09e587c-4ff9-4a58-a854-56fe50b862b2/CE_7_7.cab
http://download.microsoft.com/download/a/0/9/a09e587c-4ff9-4a58-a854-56fe50b862b2/CE_7_8.cab
http://download.microsoft.com/download/a/0/9/a09e587c-4ff9-4a58-a854-56fe50b862b2/CE_7_9.cab
http://download.microsoft.com/download/a/0/9/a09e587c-4ff9-4a58-a854-56fe50b862b2/CE_7_10.cab
http://download.microsoft.com/download/a/0/9/a09e587c-4ff9-4a58-a854-56fe50b862b2/CE_7_11.cab
http://download.microsoft.com/download/a/0/9/a09e587c-4ff9-4a58-a854-56fe50b862b2/CE_7_12.cab
http://download.microsoft.com/download/a/0/9/a09e587c-4ff9-4a58-a854-56fe50b862b2/CE_7_13.cab
http://download.microsoft.com/download/a/0/9/a09e587c-4ff9-4a58-a854-56fe50b862b2/CE_7_14.cab
http://download.microsoft.com/download/a/0/9/a09e587c-4ff9-4a58-a854-56fe50b862b2/CE_7_15.cab
http://download.microsoft.com/download/a/0/9/a09e587c-4ff9-4a58-a854-56fe50b862b2/CE_7_16.cab
http://download.microsoft.com/download/a/0/9/a09e587c-4ff9-4a58-a854-56fe50b862b2/CE_7_17.cab
http://download.microsoft.com/download/a/0/9/a09e587c-4ff9-4a58-a854-56fe50b862b2/CE_7_18.cab
http://download.microsoft.com/download/a/0/9/a09e587c-4ff9-4a58-a854-56fe50b862b2/CE_7_19.cab
http://download.microsoft.com/download/a/0/9/a09e587c-4ff9-4a58-a854-56fe50b862b2/CE_7_20.cab
http://download.microsoft.com/download/a/0/9/a09e587c-4ff9-4a58-a854-56fe50b862b2/CE_7_21.cab
http://download.microsoft.com/download/a/0/9/a09e587c-4ff9-4a58-a854-56fe50b862b2/CE_7_22.cab
http://download.microsoft.com/download/a/0/9/a09e587c-4ff9-4a58-a854-56fe50b862b2/CE_8_1.cab
http://download.microsoft.com/download/a/0/9/a09e587c-4ff9-4a58-a854-56fe50b862b2/CE_8_2.cab
http://download.microsoft.com/download/a/0/9/a09e587c-4ff9-4a58-a854-56fe50b862b2/CE_8_3.cab
http://download.microsoft.com/download/a/0/9/a09e587c-4ff9-4a58-a854-56fe50b862b2/CE_8_4.cab
http://download.microsoft.com/download/a/0/9/a09e587c-4ff9-4a58-a854-56fe50b862b2/CE_8_5.cab
http://download.microsoft.com/download/a/0/9/a09e587c-4ff9-4a58-a854-56fe50b862b2/CE_8_6.cab
http://download.microsoft.com/download/a/0/9/a09e587c-4ff9-4a58-a854-56fe50b862b2/CE_8_7.cab
http://download.microsoft.com/download/a/0/9/a09e587c-4ff9-4a58-a854-56fe50b862b2/CE_8_8.cab
http://download.microsoft.com/download/a/0/9/a09e587c-4ff9-4a58-a854-56fe50b862b2/CE_8_9.cab
http://download.microsoft.com/download/a/0/9/a09e587c-4ff9-4a58-a854-56fe50b862b2/CE_8_10.cab
http://download.microsoft.com/download/a/0/9/a09e587c-4ff9-4a58-a854-56fe50b862b2/CE_8_11.cab
http://download.microsoft.com/download/a/0/9/a09e587c-4ff9-4a58-a854-56fe50b862b2/CE_8_12.cab
http://download.microsoft.com/download/a/0/9/a09e587c-4ff9-4a58-a854-56fe50b862b2/CE_8_13.cab
http://download.microsoft.com/download/a/0/9/a09e587c-4ff9-4a58-a854-56fe50b862b2/CE_8_14.cab
http://download.microsoft.com/download/a/0/9/a09e587c-4ff9-4a58-a854-56fe50b862b2/CE_8_15.cab
http://download.microsoft.com/download/a/0/9/a09e587c-4ff9-4a58-a854-56fe50b862b2/CE_8_16.cab
http://download.microsoft.com/download/a/0/9/a09e587c-4ff9-4a58-a854-56fe50b862b2/CE_8_17.cab
http://download.microsoft.com/download/a/0/9/a09e587c-4ff9-4a58-a854-56fe50b862b2/CE_8_18.cab
http://download.microsoft.com/download/a/0/9/a09e587c-4ff9-4a58-a854-56fe50b862b2/CE_8_19.cab
http://download.microsoft.com/download/a/0/9/a09e587c-4ff9-4a58-a854-56fe50b862b2/CE_8_20.cab
http://download.microsoft.com/download/a/0/9/a09e587c-4ff9-4a58-a854-56fe50b862b2/CE_8_21.cab
http://download.microsoft.com/download/a/0/9/a09e587c-4ff9-4a58-a854-56fe50b862b2/CE_8_22.cab
http://download.microsoft.com/download/a/0/9/a09e587c-4ff9-4a58-a854-56fe50b862b2/CE_8_23.cab
http://download.microsoft.com/download/a/0/9/a09e587c-4ff9-4a58-a854-56fe50b862b2/CE_8_24.cab
http://download.microsoft.com/download/a/0/9/a09e587c-4ff9-4a58-a854-56fe50b862b2/CE_8_25.cab
http://download.microsoft.com/download/a/0/9/a09e587c-4ff9-4a58-a854-56fe50b862b2/CE_9_1.cab
http://download.microsoft.com/download/a/0/9/a09e587c-4ff9-4a58-a854-56fe50b862b2/CE_9_2.cab
http://download.microsoft.com/download/a/0/9/a09e587c-4ff9-4a58-a854-56fe50b862b2/CE_9_3.cab
http://download.microsoft.com/download/a/0/9/a09e587c-4ff9-4a58-a854-56fe50b862b2/CE_9_4.cab
http://download.microsoft.com/download/a/0/9/a09e587c-4ff9-4a58-a854-56fe50b862b2/CE_9_5.cab
http://download.microsoft.com/download/a/0/9/a09e587c-4ff9-4a58-a854-56fe50b862b2/CE_9_6.cab
http://download.microsoft.com/download/a/0/9/a09e587c-4ff9-4a58-a854-56fe50b862b2/CE_9_7.cab
http://download.microsoft.com/download/a/0/9/a09e587c-4ff9-4a58-a854-56fe50b862b2/CE_9_8.cab
http://download.microsoft.com/download/a/0/9/a09e587c-4ff9-4a58-a854-56fe50b862b2/CE_9_9.cab
http://download.microsoft.com/download/a/0/9/a09e587c-4ff9-4a58-a854-56fe50b862b2/CE_9_10.cab
http://download.microsoft.com/download/a/0/9/a09e587c-4ff9-4a58-a854-56fe50b862b2/CE_9_11.cab
http://download.microsoft.com/download/a/0/9/a09e587c-4ff9-4a58-a854-56fe50b862b2/CE_9_12.cab
http://download.microsoft.com/download/a/0/9/a09e587c-4ff9-4a58-a854-56fe50b862b2/CE_9_13.cab
http://download.microsoft.com/download/a/0/9/a09e587c-4ff9-4a58-a854-56fe50b862b2/CE_9_14.cab
http://download.microsoft.com/download/a/0/9/a09e587c-4ff9-4a58-a854-56fe50b862b2/CE_9_15.cab
http://download.microsoft.com/download/a/0/9/a09e587c-4ff9-4a58-a854-56fe50b862b2/CE_9_16.cab
http://download.microsoft.com/download/a/0/9/a09e587c-4ff9-4a58-a854-56fe50b862b2/CE_9_17.cab
http://download.microsoft.com/download/a/0/9/a09e587c-4ff9-4a58-a854-56fe50b862b2/CE_9_18.cab
http://download.microsoft.com/download/a/0/9/a09e587c-4ff9-4a58-a854-56fe50b862b2/CE_9_19.cab
http://download.microsoft.com/download/a/0/9/a09e587c-4ff9-4a58-a854-56fe50b862b2/CE_9_20.cab
http://download.microsoft.com/download/a/0/9/a09e587c-4ff9-4a58-a854-56fe50b862b2/CE_9_21.cab
http://download.microsoft.com/download/a/0/9/a09e587c-4ff9-4a58-a854-56fe50b862b2/CE_9_22.cab
http://download.microsoft.com/download/a/0/9/a09e587c-4ff9-4a58-a854-56fe50b862b2/CE_10_1.cab
http://download.microsoft.com/download/a/0/9/a09e587c-4ff9-4a58-a854-56fe50b862b2/CE_10_2.cab
http://download.microsoft.com/download/a/0/9/a09e587c-4ff9-4a58-a854-56fe50b862b2/CE_10_3.cab
http://download.microsoft.com/download/a/0/9/a09e587c-4ff9-4a58-a854-56fe50b862b2/CE_10_4.cab
http://download.microsoft.com/download/a/0/9/a09e587c-4ff9-4a58-a854-56fe50b862b2/CE_10_5.cab
http://download.microsoft.com/download/a/0/9/a09e587c-4ff9-4a58-a854-56fe50b862b2/CE_10_6.cab
http://download.microsoft.com/download/a/0/9/a09e587c-4ff9-4a58-a854-56fe50b862b2/CE_10_7.cab
http://download.microsoft.com/download/a/0/9/a09e587c-4ff9-4a58-a854-56fe50b862b2/CE_10_8.cab
http://download.microsoft.com/download/a/0/9/a09e587c-4ff9-4a58-a854-56fe50b862b2/CE_10_9.cab
http://download.microsoft.com/download/a/0/9/a09e587c-4ff9-4a58-a854-56fe50b862b2/CE_10_10.cab
http://download.microsoft.com/download/a/0/9/a09e587c-4ff9-4a58-a854-56fe50b862b2/CE_10_11.cab
http://download.microsoft.com/download/a/0/9/a09e587c-4ff9-4a58-a854-56fe50b862b2/CE_10_12.cab
http://download.microsoft.com/download/a/0/9/a09e587c-4ff9-4a58-a854-56fe50b862b2/CE_10_13.cab
http://download.microsoft.com/download/a/0/9/a09e587c-4ff9-4a58-a854-56fe50b862b2/CE_10_14.cab
http://download.microsoft.com/download/a/0/9/a09e587c-4ff9-4a58-a854-56fe50b862b2/CE_10_15.cab
http://download.microsoft.com/download/a/0/9/a09e587c-4ff9-4a58-a854-56fe50b862b2/CE_10_16.cab
http://download.microsoft.com/download/a/0/9/a09e587c-4ff9-4a58-a854-56fe50b862b2/CE_10_17.cab
http://download.microsoft.com/download/a/0/9/a09e587c-4ff9-4a58-a854-56fe50b862b2/CE_10_18.cab
http://download.microsoft.com/download/a/0/9/a09e587c-4ff9-4a58-a854-56fe50b862b2/CE_10_19.cab
http://download.microsoft.com/download/a/0/9/a09e587c-4ff9-4a58-a854-56fe50b862b2/CE_10_20.cab
http://download.microsoft.com/download/a/0/9/a09e587c-4ff9-4a58-a854-56fe50b862b2/CE_10_21.cab
http://download.microsoft.com/download/a/0/9/a09e587c-4ff9-4a58-a854-56fe50b862b2/CE_10_22.cab
http://download.microsoft.com/download/a/0/9/a09e587c-4ff9-4a58-a854-56fe50b862b2/CE_10_23.cab
http://download.microsoft.com/download/a/0/9/a09e587c-4ff9-4a58-a854-56fe50b862b2/CE_10_24.cab
http://download.microsoft.com/download/a/0/9/a09e587c-4ff9-4a58-a854-56fe50b862b2/CE_10_25.cab
http://download.microsoft.com/download/a/0/9/a09e587c-4ff9-4a58-a854-56fe50b862b2/CE_10_26.cab
http://download.microsoft.com/download/a/0/9/a09e587c-4ff9-4a58-a854-56fe50b862b2/CE_11_1.cab
http://download.microsoft.com/download/a/0/9/a09e587c-4ff9-4a58-a854-56fe50b862b2/CE_11_2.cab
http://download.microsoft.com/download/a/0/9/a09e587c-4ff9-4a58-a854-56fe50b862b2/CE_11_3.cab
http://download.microsoft.com/download/a/0/9/a09e587c-4ff9-4a58-a854-56fe50b862b2/CE_11_4.cab
http://download.microsoft.com/download/a/0/9/a09e587c-4ff9-4a58-a854-56fe50b862b2/CE_11_5.cab
http://download.microsoft.com/download/a/0/9/a09e587c-4ff9-4a58-a854-56fe50b862b2/CE_11_6.cab
http://download.microsoft.com/download/a/0/9/a09e587c-4ff9-4a58-a854-56fe50b862b2/CE_11_7.cab
http://download.microsoft.com/download/a/0/9/a09e587c-4ff9-4a58-a854-56fe50b862b2/CE_11_8.cab
http://download.microsoft.com/download/a/0/9/a09e587c-4ff9-4a58-a854-56fe50b862b2/CE_11_9.cab
http://download.microsoft.com/download/a/0/9/a09e587c-4ff9-4a58-a854-56fe50b862b2/CE_11_10.cab
http://download.microsoft.com/download/a/0/9/a09e587c-4ff9-4a58-a854-56fe50b862b2/CE_11_11.cab
http://download.microsoft.com/download/a/0/9/a09e587c-4ff9-4a58-a854-56fe50b862b2/CE_11_12.cab
http://download.microsoft.com/download/a/0/9/a09e587c-4ff9-4a58-a854-56fe50b862b2/CE_11_13.cab
http://download.microsoft.com/download/a/0/9/a09e587c-4ff9-4a58-a854-56fe50b862b2/CE_11_14.cab
http://download.microsoft.com/download/a/0/9/a09e587c-4ff9-4a58-a854-56fe50b862b2/CE_11_15.cab
http://download.microsoft.com/download/a/0/9/a09e587c-4ff9-4a58-a854-56fe50b862b2/CE_11_16.cab
http://download.microsoft.com/download/a/0/9/a09e587c-4ff9-4a58-a854-56fe50b862b2/CE_11_17.cab
http://download.microsoft.com/download/a/0/9/a09e587c-4ff9-4a58-a854-56fe50b862b2/CE_11_18.cab
http://download.microsoft.com/download/a/0/9/a09e587c-4ff9-4a58-a854-56fe50b862b2/CE_11_19.cab
http://download.microsoft.com/download/a/0/9/a09e587c-4ff9-4a58-a854-56fe50b862b2/CE_11_20.cab
http://download.microsoft.com/download/a/0/9/a09e587c-4ff9-4a58-a854-56fe50b862b2/CE_11_21.cab
http://download.microsoft.com/download/a/0/9/a09e587c-4ff9-4a58-a854-56fe50b862b2/CE_11_22.cab
http://download.microsoft.com/download/a/0/9/a09e587c-4ff9-4a58-a854-56fe50b862b2/CE_12_1.cab
http://download.microsoft.com/download/a/0/9/a09e587c-4ff9-4a58-a854-56fe50b862b2/CE_12_2.cab
http://download.microsoft.com/download/a/0/9/a09e587c-4ff9-4a58-a854-56fe50b862b2/CE_12_3.cab
http://download.microsoft.com/download/a/0/9/a09e587c-4ff9-4a58-a854-56fe50b862b2/CE_12_4.cab
http://download.microsoft.com/download/a/0/9/a09e587c-4ff9-4a58-a854-56fe50b862b2/CE_12_5.cab
http://download.microsoft.com/download/a/0/9/a09e587c-4ff9-4a58-a854-56fe50b862b2/CE_12_6.cab
http://download.microsoft.com/download/a/0/9/a09e587c-4ff9-4a58-a854-56fe50b862b2/CE_12_7.cab
http://download.microsoft.com/download/a/0/9/a09e587c-4ff9-4a58-a854-56fe50b862b2/CE_12_8.cab
http://download.microsoft.com/download/a/0/9/a09e587c-4ff9-4a58-a854-56fe50b862b2/CE_12_9.cab
http://download.microsoft.com/download/a/0/9/a09e587c-4ff9-4a58-a854-56fe50b862b2/CE_12_10.cab
http://download.microsoft.com/download/a/0/9/a09e587c-4ff9-4a58-a854-56fe50b862b2/CE_12_11.cab
http://download.microsoft.com/download/a/0/9/a09e587c-4ff9-4a58-a854-56fe50b862b2/CE_12_12.cab
http://download.microsoft.com/download/a/0/9/a09e587c-4ff9-4a58-a854-56fe50b862b2/CE_12_13.cab
http://download.microsoft.com/download/a/0/9/a09e587c-4ff9-4a58-a854-56fe50b862b2/CE_12_14.cab
http://download.microsoft.com/download/a/0/9/a09e587c-4ff9-4a58-a854-56fe50b862b2/CE_12_15.cab
http://download.microsoft.com/download/a/0/9/a09e587c-4ff9-4a58-a854-56fe50b862b2/CE_12_16.cab
http://download.microsoft.com/download/a/0/9/a09e587c-4ff9-4a58-a854-56fe50b862b2/CE_12_17.cab
http://download.microsoft.com/download/a/0/9/a09e587c-4ff9-4a58-a854-56fe50b862b2/CE_12_18.cab
http://download.microsoft.com/download/a/0/9/a09e587c-4ff9-4a58-a854-56fe50b862b2/CE_12_19.cab
http://download.microsoft.com/download/a/0/9/a09e587c-4ff9-4a58-a854-56fe50b862b2/CE_12_20.cab
http://download.microsoft.com/download/a/0/9/a09e587c-4ff9-4a58-a854-56fe50b862b2/CE_12_21.cab
http://download.microsoft.com/download/a/0/9/a09e587c-4ff9-4a58-a854-56fe50b862b2/CE_12_22.cab
http://download.microsoft.com/download/a/0/9/a09e587c-4ff9-4a58-a854-56fe50b862b2/CE_12_23.cab
http://download.microsoft.com/download/a/0/9/a09e587c-4ff9-4a58-a854-56fe50b862b2/CE_12_24.cab
http://download.microsoft.com/download/a/0/9/a09e587c-4ff9-4a58-a854-56fe50b862b2/CE_12_25.cab
http://download.microsoft.com/download/a/0/9/a09e587c-4ff9-4a58-a854-56fe50b862b2/CE_12_26.cab
http://download.microsoft.com/download/a/0/9/a09e587c-4ff9-4a58-a854-56fe50b862b2/CE_13_1.cab
http://download.microsoft.com/download/a/0/9/a09e587c-4ff9-4a58-a854-56fe50b862b2/CE_13_2.cab
http://download.microsoft.com/download/a/0/9/a09e587c-4ff9-4a58-a854-56fe50b862b2/CE_13_3.cab
http://download.microsoft.com/download/a/0/9/a09e587c-4ff9-4a58-a854-56fe50b862b2/CE_13_4.cab
http://download.microsoft.com/download/a/0/9/a09e587c-4ff9-4a58-a854-56fe50b862b2/CE_13_5.cab
http://download.microsoft.com/download/a/0/9/a09e587c-4ff9-4a58-a854-56fe50b862b2/CE_13_6.cab
http://download.microsoft.com/download/a/0/9/a09e587c-4ff9-4a58-a854-56fe50b862b2/CE_13_7.cab
http://download.microsoft.com/download/a/0/9/a09e587c-4ff9-4a58-a854-56fe50b862b2/CE_13_8.cab
http://download.microsoft.com/download/a/0/9/a09e587c-4ff9-4a58-a854-56fe50b862b2/CE_13_9.cab
http://download.microsoft.com/download/a/0/9/a09e587c-4ff9-4a58-a854-56fe50b862b2/CE_13_10.cab
http://download.microsoft.com/download/a/0/9/a09e587c-4ff9-4a58-a854-56fe50b862b2/CE_13_11.cab
http://download.microsoft.com/download/a/0/9/a09e587c-4ff9-4a58-a854-56fe50b862b2/CE_13_12.cab
http://download.microsoft.com/download/a/0/9/a09e587c-4ff9-4a58-a854-56fe50b862b2/CE_13_13.cab
http://download.microsoft.com/download/a/0/9/a09e587c-4ff9-4a58-a854-56fe50b862b2/CE_13_14.cab
http://download.microsoft.com/download/a/0/9/a09e587c-4ff9-4a58-a854-56fe50b862b2/CE_13_15.cab
http://download.microsoft.com/download/a/0/9/a09e587c-4ff9-4a58-a854-56fe50b862b2/CE_13_16.cab
http://download.microsoft.com/download/a/0/9/a09e587c-4ff9-4a58-a854-56fe50b862b2/CE_13_17.cab
http://download.microsoft.com/download/a/0/9/a09e587c-4ff9-4a58-a854-56fe50b862b2/CE_13_18.cab
http://download.microsoft.com/download/a/0/9/a09e587c-4ff9-4a58-a854-56fe50b862b2/CE_13_19.cab
http://download.microsoft.com/download/a/0/9/a09e587c-4ff9-4a58-a854-56fe50b862b2/CE_13_20.cab
http://download.microsoft.com/download/a/0/9/a09e587c-4ff9-4a58-a854-56fe50b862b2/CE_13_21.cab
http://download.microsoft.com/download/a/0/9/a09e587c-4ff9-4a58-a854-56fe50b862b2/CE_13_22.cab
http://download.microsoft.com/download/a/0/9/a09e587c-4ff9-4a58-a854-56fe50b862b2/CE_14_1.cab
http://download.microsoft.com/download/a/0/9/a09e587c-4ff9-4a58-a854-56fe50b862b2/CE_14_2.cab
http://download.microsoft.com/download/a/0/9/a09e587c-4ff9-4a58-a854-56fe50b862b2/CE_14_3.cab
http://download.microsoft.com/download/a/0/9/a09e587c-4ff9-4a58-a854-56fe50b862b2/CE_14_4.cab
http://download.microsoft.com/download/a/0/9/a09e587c-4ff9-4a58-a854-56fe50b862b2/CE_14_5.cab
http://download.microsoft.com/download/a/0/9/a09e587c-4ff9-4a58-a854-56fe50b862b2/CE_14_6.cab
http://download.microsoft.com/download/a/0/9/a09e587c-4ff9-4a58-a854-56fe50b862b2/CE_14_7.cab
http://download.microsoft.com/download/a/0/9/a09e587c-4ff9-4a58-a854-56fe50b862b2/CE_14_8.cab
http://download.microsoft.com/download/a/0/9/a09e587c-4ff9-4a58-a854-56fe50b862b2/CE_14_9.cab
http://download.microsoft.com/download/a/0/9/a09e587c-4ff9-4a58-a854-56fe50b862b2/CE_14_10.cab
http://download.microsoft.com/download/a/0/9/a09e587c-4ff9-4a58-a854-56fe50b862b2/CE_14_11.cab
http://download.microsoft.com/download/a/0/9/a09e587c-4ff9-4a58-a854-56fe50b862b2/CE_14_12.cab
http://download.microsoft.com/download/a/0/9/a09e587c-4ff9-4a58-a854-56fe50b862b2/CE_14_13.cab
http://download.microsoft.com/download/a/0/9/a09e587c-4ff9-4a58-a854-56fe50b862b2/CE_14_14.cab
http://download.microsoft.com/download/a/0/9/a09e587c-4ff9-4a58-a854-56fe50b862b2/CE_14_15.cab
http://download.microsoft.com/download/a/0/9/a09e587c-4ff9-4a58-a854-56fe50b862b2/CE_14_16.cab
http://download.microsoft.com/download/a/0/9/a09e587c-4ff9-4a58-a854-56fe50b862b2/CE_14_17.cab
http://download.microsoft.com/download/a/0/9/a09e587c-4ff9-4a58-a854-56fe50b862b2/CE_14_18.cab
http://download.microsoft.com/download/a/0/9/a09e587c-4ff9-4a58-a854-56fe50b862b2/CE_14_19.cab
http://download.microsoft.com/download/a/0/9/a09e587c-4ff9-4a58-a854-56fe50b862b2/CE_14_20.cab
http://download.microsoft.com/download/a/0/9/a09e587c-4ff9-4a58-a854-56fe50b862b2/CE_14_21.cab
http://download.microsoft.com/download/a/0/9/a09e587c-4ff9-4a58-a854-56fe50b862b2/CE_14_22.cab
http://download.microsoft.com/download/a/0/9/a09e587c-4ff9-4a58-a854-56fe50b862b2/CE_14_23.cab
http://download.microsoft.com/download/a/0/9/a09e587c-4ff9-4a58-a854-56fe50b862b2/CE_14_24.cab
http://download.microsoft.com/download/a/0/9/a09e587c-4ff9-4a58-a854-56fe50b862b2/CE_14_25.cab
http://download.microsoft.com/download/a/0/9/a09e587c-4ff9-4a58-a854-56fe50b862b2/CE_14_26.cab
http://download.microsoft.com/download/a/0/9/a09e587c-4ff9-4a58-a854-56fe50b862b2/CE_15_1.cab
http://download.microsoft.com/download/a/0/9/a09e587c-4ff9-4a58-a854-56fe50b862b2/CE_15_2.cab
http://download.microsoft.com/download/a/0/9/a09e587c-4ff9-4a58-a854-56fe50b862b2/CE_15_3.cab
http://download.microsoft.com/download/a/0/9/a09e587c-4ff9-4a58-a854-56fe50b862b2/CE_15_4.cab
http://download.microsoft.com/download/a/0/9/a09e587c-4ff9-4a58-a854-56fe50b862b2/CE_15_5.cab
http://download.microsoft.com/download/a/0/9/a09e587c-4ff9-4a58-a854-56fe50b862b2/CE_15_6.cab
http://download.microsoft.com/download/a/0/9/a09e587c-4ff9-4a58-a854-56fe50b862b2/CE_15_7.cab
http://download.microsoft.com/download/a/0/9/a09e587c-4ff9-4a58-a854-56fe50b862b2/CE_15_8.cab
http://download.microsoft.com/download/a/0/9/a09e587c-4ff9-4a58-a854-56fe50b862b2/CE_15_9.cab
http://download.microsoft.com/download/a/0/9/a09e587c-4ff9-4a58-a854-56fe50b862b2/CE_15_10.cab
http://download.microsoft.com/download/a/0/9/a09e587c-4ff9-4a58-a854-56fe50b862b2/CE_15_11.cab
http://download.microsoft.com/download/a/0/9/a09e587c-4ff9-4a58-a854-56fe50b862b2/CE_15_12.cab
http://download.microsoft.com/download/a/0/9/a09e587c-4ff9-4a58-a854-56fe50b862b2/CE_15_13.cab
http://download.microsoft.com/download/a/0/9/a09e587c-4ff9-4a58-a854-56fe50b862b2/CE_15_14.cab
http://download.microsoft.com/download/a/0/9/a09e587c-4ff9-4a58-a854-56fe50b862b2/CE_15_15.cab
http://download.microsoft.com/download/a/0/9/a09e587c-4ff9-4a58-a854-56fe50b862b2/CE_15_16.cab
http://download.microsoft.com/download/a/0/9/a09e587c-4ff9-4a58-a854-56fe50b862b2/CE_15_17.cab
http://download.microsoft.com/download/a/0/9/a09e587c-4ff9-4a58-a854-56fe50b862b2/CE_15_18.cab
http://download.microsoft.com/download/a/0/9/a09e587c-4ff9-4a58-a854-56fe50b862b2/CE_15_19.cab
http://download.microsoft.com/download/a/0/9/a09e587c-4ff9-4a58-a854-56fe50b862b2/CE_15_20.cab
http://download.microsoft.com/download/a/0/9/a09e587c-4ff9-4a58-a854-56fe50b862b2/CE_15_21.cab
http://download.microsoft.com/download/a/0/9/a09e587c-4ff9-4a58-a854-56fe50b862b2/CE_15_22.cab
http://download.microsoft.com/download/a/0/9/a09e587c-4ff9-4a58-a854-56fe50b862b2/CE_16_1.cab
http://download.microsoft.com/download/a/0/9/a09e587c-4ff9-4a58-a854-56fe50b862b2/CE_16_2.cab
http://download.microsoft.com/download/a/0/9/a09e587c-4ff9-4a58-a854-56fe50b862b2/CE_16_3.cab
http://download.microsoft.com/download/a/0/9/a09e587c-4ff9-4a58-a854-56fe50b862b2/CE_16_4.cab
http://download.microsoft.com/download/a/0/9/a09e587c-4ff9-4a58-a854-56fe50b862b2/CE_16_5.cab
http://download.microsoft.com/download/a/0/9/a09e587c-4ff9-4a58-a854-56fe50b862b2/CE_16_6.cab
http://download.microsoft.com/download/a/0/9/a09e587c-4ff9-4a58-a854-56fe50b862b2/CE_16_7.cab
http://download.microsoft.com/download/a/0/9/a09e587c-4ff9-4a58-a854-56fe50b862b2/CE_16_8.cab
http://download.microsoft.com/download/a/0/9/a09e587c-4ff9-4a58-a854-56fe50b862b2/CE_16_9.cab
http://download.microsoft.com/download/a/0/9/a09e587c-4ff9-4a58-a854-56fe50b862b2/CE_16_10.cab
http://download.microsoft.com/download/a/0/9/a09e587c-4ff9-4a58-a854-56fe50b862b2/CE_16_11.cab
http://download.microsoft.com/download/a/0/9/a09e587c-4ff9-4a58-a854-56fe50b862b2/CE_16_12.cab
http://download.microsoft.com/download/a/0/9/a09e587c-4ff9-4a58-a854-56fe50b862b2/CE_16_13.cab
http://download.microsoft.com/download/a/0/9/a09e587c-4ff9-4a58-a854-56fe50b862b2/CE_16_14.cab
http://download.microsoft.com/download/a/0/9/a09e587c-4ff9-4a58-a854-56fe50b862b2/CE_16_15.cab
http://download.microsoft.com/download/a/0/9/a09e587c-4ff9-4a58-a854-56fe50b862b2/CE_16_16.cab
http://download.microsoft.com/download/a/0/9/a09e587c-4ff9-4a58-a854-56fe50b862b2/CE_16_17.cab
http://download.microsoft.com/download/a/0/9/a09e587c-4ff9-4a58-a854-56fe50b862b2/CE_16_18.cab
http://download.microsoft.com/download/a/0/9/a09e587c-4ff9-4a58-a854-56fe50b862b2/CE_16_19.cab
http://download.microsoft.com/download/a/0/9/a09e587c-4ff9-4a58-a854-56fe50b862b2/CE_16_20.cab
http://download.microsoft.com/download/a/0/9/a09e587c-4ff9-4a58-a854-56fe50b862b2/CE_16_21.cab
http://download.microsoft.com/download/a/0/9/a09e587c-4ff9-4a58-a854-56fe50b862b2/CE_16_22.cab
http://download.microsoft.com/download/a/0/9/a09e587c-4ff9-4a58-a854-56fe50b862b2/CE_16_23.cab
http://download.microsoft.com/download/a/0/9/a09e587c-4ff9-4a58-a854-56fe50b862b2/CE_16_24.cab
http://download.microsoft.com/download/a/0/9/a09e587c-4ff9-4a58-a854-56fe50b862b2/CE_16_25.cab
http://download.microsoft.com/download/a/0/9/a09e587c-4ff9-4a58-a854-56fe50b862b2/CE_16_26.cab
http://download.microsoft.com/download/a/0/9/a09e587c-4ff9-4a58-a854-56fe50b862b2/CRC.cab

