http://download.microsoft.com/download/F/5/2/f5296720-250A-4055-991C-0CEA5DE11436/Windows Embedded CE 6.0 R3.msi
http://download.microsoft.com/download/F/5/2/f5296720-250A-4055-991C-0CEA5DE11436/FP.cab
http://download.microsoft.com/download/F/5/2/f5296720-250A-4055-991C-0CEA5DE11436/wcetk_1.cab
http://download.microsoft.com/download/F/5/2/f5296720-250A-4055-991C-0CEA5DE11436/Help.cab
http://download.microsoft.com/download/F/5/2/f5296720-250A-4055-991C-0CEA5DE11436/CE_1_1.cab
http://download.microsoft.com/download/F/5/2/f5296720-250A-4055-991C-0CEA5DE11436/CE_2_1.cab
http://download.microsoft.com/download/F/5/2/f5296720-250A-4055-991C-0CEA5DE11436/CE_3_lc_1.cab
http://download.microsoft.com/download/F/5/2/f5296720-250A-4055-991C-0CEA5DE11436/CE_3_1.cab
http://download.microsoft.com/download/F/5/2/f5296720-250A-4055-991C-0CEA5DE11436/CE_3_2.cab
http://download.microsoft.com/download/F/5/2/f5296720-250A-4055-991C-0CEA5DE11436/CE_3_3.cab
http://download.microsoft.com/download/F/5/2/f5296720-250A-4055-991C-0CEA5DE11436/CE_3_4.cab
http://download.microsoft.com/download/F/5/2/f5296720-250A-4055-991C-0CEA5DE11436/CE_3_5.cab
http://download.microsoft.com/download/F/5/2/f5296720-250A-4055-991C-0CEA5DE11436/CE_3_6.cab
http://download.microsoft.com/download/F/5/2/f5296720-250A-4055-991C-0CEA5DE11436/CE_3_7.cab
http://download.microsoft.com/download/F/5/2/f5296720-250A-4055-991C-0CEA5DE11436/CE_3_8.cab
http://download.microsoft.com/download/F/5/2/f5296720-250A-4055-991C-0CEA5DE11436/CE_3_9.cab
http://download.microsoft.com/download/F/5/2/f5296720-250A-4055-991C-0CEA5DE11436/CE_3_10.cab
http://download.microsoft.com/download/F/5/2/f5296720-250A-4055-991C-0CEA5DE11436/CE_4_1.cab
http://download.microsoft.com/download/F/5/2/f5296720-250A-4055-991C-0CEA5DE11436/CE_4_2.cab
http://download.microsoft.com/download/F/5/2/f5296720-250A-4055-991C-0CEA5DE11436/CE_4_3.cab
http://download.microsoft.com/download/F/5/2/f5296720-250A-4055-991C-0CEA5DE11436/CE_4_4.cab
http://download.microsoft.com/download/F/5/2/f5296720-250A-4055-991C-0CEA5DE11436/CE_4_5.cab
http://download.microsoft.com/download/F/5/2/f5296720-250A-4055-991C-0CEA5DE11436/CE_4_6.cab
http://download.microsoft.com/download/F/5/2/f5296720-250A-4055-991C-0CEA5DE11436/CE_4_7.cab
http://download.microsoft.com/download/F/5/2/f5296720-250A-4055-991C-0CEA5DE11436/CE_4_8.cab
http://download.microsoft.com/download/F/5/2/f5296720-250A-4055-991C-0CEA5DE11436/CE_4_9.cab
http://download.microsoft.com/download/F/5/2/f5296720-250A-4055-991C-0CEA5DE11436/CE_4_10.cab
http://download.microsoft.com/download/F/5/2/f5296720-250A-4055-991C-0CEA5DE11436/CE_4_11.cab
http://download.microsoft.com/download/F/5/2/f5296720-250A-4055-991C-0CEA5DE11436/CE_5_lc_1.cab
http://download.microsoft.com/download/F/5/2/f5296720-250A-4055-991C-0CEA5DE11436/CE_5_1.cab
http://download.microsoft.com/download/F/5/2/f5296720-250A-4055-991C-0CEA5DE11436/CE_5_2.cab
http://download.microsoft.com/download/F/5/2/f5296720-250A-4055-991C-0CEA5DE11436/CE_5_3.cab
http://download.microsoft.com/download/F/5/2/f5296720-250A-4055-991C-0CEA5DE11436/CE_5_4.cab
http://download.microsoft.com/download/F/5/2/f5296720-250A-4055-991C-0CEA5DE11436/CE_5_5.cab
http://download.microsoft.com/download/F/5/2/f5296720-250A-4055-991C-0CEA5DE11436/CE_5_6.cab
http://download.microsoft.com/download/F/5/2/f5296720-250A-4055-991C-0CEA5DE11436/CE_5_7.cab
http://download.microsoft.com/download/F/5/2/f5296720-250A-4055-991C-0CEA5DE11436/CE_5_8.cab
http://download.microsoft.com/download/F/5/2/f5296720-250A-4055-991C-0CEA5DE11436/CE_5_9.cab
http://download.microsoft.com/download/F/5/2/f5296720-250A-4055-991C-0CEA5DE11436/CE_6_1.cab
http://download.microsoft.com/download/F/5/2/f5296720-250A-4055-991C-0CEA5DE11436/CE_6_2.cab
http://download.microsoft.com/download/F/5/2/f5296720-250A-4055-991C-0CEA5DE11436/CE_6_3.cab
http://download.microsoft.com/download/F/5/2/f5296720-250A-4055-991C-0CEA5DE11436/CE_6_4.cab
http://download.microsoft.com/download/F/5/2/f5296720-250A-4055-991C-0CEA5DE11436/CE_6_5.cab
http://download.microsoft.com/download/F/5/2/f5296720-250A-4055-991C-0CEA5DE11436/CE_6_6.cab
http://download.microsoft.com/download/F/5/2/f5296720-250A-4055-991C-0CEA5DE11436/CE_6_7.cab
http://download.microsoft.com/download/F/5/2/f5296720-250A-4055-991C-0CEA5DE11436/CE_6_8.cab
http://download.microsoft.com/download/F/5/2/f5296720-250A-4055-991C-0CEA5DE11436/CE_6_9.cab
http://download.microsoft.com/download/F/5/2/f5296720-250A-4055-991C-0CEA5DE11436/CE_6_10.cab
http://download.microsoft.com/download/F/5/2/f5296720-250A-4055-991C-0CEA5DE11436/CE_6_11.cab
http://download.microsoft.com/download/F/5/2/f5296720-250A-4055-991C-0CEA5DE11436/CE_7_lc_1.cab
http://download.microsoft.com/download/F/5/2/f5296720-250A-4055-991C-0CEA5DE11436/CE_7_1.cab
http://download.microsoft.com/download/F/5/2/f5296720-250A-4055-991C-0CEA5DE11436/CE_7_2.cab
http://download.microsoft.com/download/F/5/2/f5296720-250A-4055-991C-0CEA5DE11436/CE_7_3.cab
http://download.microsoft.com/download/F/5/2/f5296720-250A-4055-991C-0CEA5DE11436/CE_7_4.cab
http://download.microsoft.com/download/F/5/2/f5296720-250A-4055-991C-0CEA5DE11436/CE_7_5.cab
http://download.microsoft.com/download/F/5/2/f5296720-250A-4055-991C-0CEA5DE11436/CE_7_6.cab
http://download.microsoft.com/download/F/5/2/f5296720-250A-4055-991C-0CEA5DE11436/CE_7_7.cab
http://download.microsoft.com/download/F/5/2/f5296720-250A-4055-991C-0CEA5DE11436/CE_7_8.cab
http://download.microsoft.com/download/F/5/2/f5296720-250A-4055-991C-0CEA5DE11436/CE_7_9.cab
http://download.microsoft.com/download/F/5/2/f5296720-250A-4055-991C-0CEA5DE11436/CE_7_10.cab
http://download.microsoft.com/download/F/5/2/f5296720-250A-4055-991C-0CEA5DE11436/CE_8_1.cab
http://download.microsoft.com/download/F/5/2/f5296720-250A-4055-991C-0CEA5DE11436/CE_8_2.cab
http://download.microsoft.com/download/F/5/2/f5296720-250A-4055-991C-0CEA5DE11436/CE_8_3.cab
http://download.microsoft.com/download/F/5/2/f5296720-250A-4055-991C-0CEA5DE11436/CE_8_4.cab
http://download.microsoft.com/download/F/5/2/f5296720-250A-4055-991C-0CEA5DE11436/CE_8_5.cab
http://download.microsoft.com/download/F/5/2/f5296720-250A-4055-991C-0CEA5DE11436/CE_8_6.cab
http://download.microsoft.com/download/F/5/2/f5296720-250A-4055-991C-0CEA5DE11436/CE_8_7.cab
http://download.microsoft.com/download/F/5/2/f5296720-250A-4055-991C-0CEA5DE11436/CE_8_8.cab
http://download.microsoft.com/download/F/5/2/f5296720-250A-4055-991C-0CEA5DE11436/CE_8_9.cab
http://download.microsoft.com/download/F/5/2/f5296720-250A-4055-991C-0CEA5DE11436/CE_8_10.cab
http://download.microsoft.com/download/F/5/2/f5296720-250A-4055-991C-0CEA5DE11436/CE_8_11.cab
http://download.microsoft.com/download/F/5/2/f5296720-250A-4055-991C-0CEA5DE11436/CE_9_lc_1.cab
http://download.microsoft.com/download/F/5/2/f5296720-250A-4055-991C-0CEA5DE11436/CE_9_1.cab
http://download.microsoft.com/download/F/5/2/f5296720-250A-4055-991C-0CEA5DE11436/CE_9_2.cab
http://download.microsoft.com/download/F/5/2/f5296720-250A-4055-991C-0CEA5DE11436/CE_9_3.cab
http://download.microsoft.com/download/F/5/2/f5296720-250A-4055-991C-0CEA5DE11436/CE_9_4.cab
http://download.microsoft.com/download/F/5/2/f5296720-250A-4055-991C-0CEA5DE11436/CE_9_5.cab
http://download.microsoft.com/download/F/5/2/f5296720-250A-4055-991C-0CEA5DE11436/CE_9_6.cab
http://download.microsoft.com/download/F/5/2/f5296720-250A-4055-991C-0CEA5DE11436/CE_9_7.cab
http://download.microsoft.com/download/F/5/2/f5296720-250A-4055-991C-0CEA5DE11436/CE_9_8.cab
http://download.microsoft.com/download/F/5/2/f5296720-250A-4055-991C-0CEA5DE11436/CE_9_9.cab
http://download.microsoft.com/download/F/5/2/f5296720-250A-4055-991C-0CEA5DE11436/CE_9_10.cab
http://download.microsoft.com/download/F/5/2/f5296720-250A-4055-991C-0CEA5DE11436/CE_10_1.cab
http://download.microsoft.com/download/F/5/2/f5296720-250A-4055-991C-0CEA5DE11436/CE_10_2.cab
http://download.microsoft.com/download/F/5/2/f5296720-250A-4055-991C-0CEA5DE11436/CE_10_3.cab
http://download.microsoft.com/download/F/5/2/f5296720-250A-4055-991C-0CEA5DE11436/CE_10_4.cab
http://download.microsoft.com/download/F/5/2/f5296720-250A-4055-991C-0CEA5DE11436/CE_10_5.cab
http://download.microsoft.com/download/F/5/2/f5296720-250A-4055-991C-0CEA5DE11436/CE_10_6.cab
http://download.microsoft.com/download/F/5/2/f5296720-250A-4055-991C-0CEA5DE11436/CE_10_7.cab
http://download.microsoft.com/download/F/5/2/f5296720-250A-4055-991C-0CEA5DE11436/CE_10_8.cab
http://download.microsoft.com/download/F/5/2/f5296720-250A-4055-991C-0CEA5DE11436/CE_10_9.cab
http://download.microsoft.com/download/F/5/2/f5296720-250A-4055-991C-0CEA5DE11436/CE_10_10.cab
http://download.microsoft.com/download/F/5/2/f5296720-250A-4055-991C-0CEA5DE11436/CE_10_11.cab
http://download.microsoft.com/download/F/5/2/f5296720-250A-4055-991C-0CEA5DE11436/CE_11_lc_1.cab
http://download.microsoft.com/download/F/5/2/f5296720-250A-4055-991C-0CEA5DE11436/CE_11_1.cab
http://download.microsoft.com/download/F/5/2/f5296720-250A-4055-991C-0CEA5DE11436/CE_11_2.cab
http://download.microsoft.com/download/F/5/2/f5296720-250A-4055-991C-0CEA5DE11436/CE_11_3.cab
http://download.microsoft.com/download/F/5/2/f5296720-250A-4055-991C-0CEA5DE11436/CE_11_4.cab
http://download.microsoft.com/download/F/5/2/f5296720-250A-4055-991C-0CEA5DE11436/CE_11_5.cab
http://download.microsoft.com/download/F/5/2/f5296720-250A-4055-991C-0CEA5DE11436/CE_11_6.cab
http://download.microsoft.com/download/F/5/2/f5296720-250A-4055-991C-0CEA5DE11436/CE_11_7.cab
http://download.microsoft.com/download/F/5/2/f5296720-250A-4055-991C-0CEA5DE11436/CE_11_8.cab
http://download.microsoft.com/download/F/5/2/f5296720-250A-4055-991C-0CEA5DE11436/CE_11_9.cab
http://download.microsoft.com/download/F/5/2/f5296720-250A-4055-991C-0CEA5DE11436/CE_11_10.cab
http://download.microsoft.com/download/F/5/2/f5296720-250A-4055-991C-0CEA5DE11436/CE_12_1.cab
http://download.microsoft.com/download/F/5/2/f5296720-250A-4055-991C-0CEA5DE11436/CE_12_2.cab
http://download.microsoft.com/download/F/5/2/f5296720-250A-4055-991C-0CEA5DE11436/CE_12_3.cab
http://download.microsoft.com/download/F/5/2/f5296720-250A-4055-991C-0CEA5DE11436/CE_12_4.cab
http://download.microsoft.com/download/F/5/2/f5296720-250A-4055-991C-0CEA5DE11436/CE_12_5.cab
http://download.microsoft.com/download/F/5/2/f5296720-250A-4055-991C-0CEA5DE11436/CE_12_6.cab
http://download.microsoft.com/download/F/5/2/f5296720-250A-4055-991C-0CEA5DE11436/CE_12_7.cab
http://download.microsoft.com/download/F/5/2/f5296720-250A-4055-991C-0CEA5DE11436/CE_12_8.cab
http://download.microsoft.com/download/F/5/2/f5296720-250A-4055-991C-0CEA5DE11436/CE_12_9.cab
http://download.microsoft.com/download/F/5/2/f5296720-250A-4055-991C-0CEA5DE11436/CE_12_10.cab
http://download.microsoft.com/download/F/5/2/f5296720-250A-4055-991C-0CEA5DE11436/CE_12_11.cab
http://download.microsoft.com/download/F/5/2/f5296720-250A-4055-991C-0CEA5DE11436/CE_13_lc_1.cab
http://download.microsoft.com/download/F/5/2/f5296720-250A-4055-991C-0CEA5DE11436/CE_13_1.cab
http://download.microsoft.com/download/F/5/2/f5296720-250A-4055-991C-0CEA5DE11436/CE_13_2.cab
http://download.microsoft.com/download/F/5/2/f5296720-250A-4055-991C-0CEA5DE11436/CE_13_3.cab
http://download.microsoft.com/download/F/5/2/f5296720-250A-4055-991C-0CEA5DE11436/CE_13_4.cab
http://download.microsoft.com/download/F/5/2/f5296720-250A-4055-991C-0CEA5DE11436/CE_13_5.cab
http://download.microsoft.com/download/F/5/2/f5296720-250A-4055-991C-0CEA5DE11436/CE_13_6.cab
http://download.microsoft.com/download/F/5/2/f5296720-250A-4055-991C-0CEA5DE11436/CE_13_7.cab
http://download.microsoft.com/download/F/5/2/f5296720-250A-4055-991C-0CEA5DE11436/CE_13_8.cab
http://download.microsoft.com/download/F/5/2/f5296720-250A-4055-991C-0CEA5DE11436/CE_13_9.cab
http://download.microsoft.com/download/F/5/2/f5296720-250A-4055-991C-0CEA5DE11436/CE_13_10.cab
http://download.microsoft.com/download/F/5/2/f5296720-250A-4055-991C-0CEA5DE11436/CE_14_1.cab
http://download.microsoft.com/download/F/5/2/f5296720-250A-4055-991C-0CEA5DE11436/CE_14_2.cab
http://download.microsoft.com/download/F/5/2/f5296720-250A-4055-991C-0CEA5DE11436/CE_14_3.cab
http://download.microsoft.com/download/F/5/2/f5296720-250A-4055-991C-0CEA5DE11436/CE_14_4.cab
http://download.microsoft.com/download/F/5/2/f5296720-250A-4055-991C-0CEA5DE11436/CE_14_5.cab
http://download.microsoft.com/download/F/5/2/f5296720-250A-4055-991C-0CEA5DE11436/CE_14_6.cab
http://download.microsoft.com/download/F/5/2/f5296720-250A-4055-991C-0CEA5DE11436/CE_14_7.cab
http://download.microsoft.com/download/F/5/2/f5296720-250A-4055-991C-0CEA5DE11436/CE_14_8.cab
http://download.microsoft.com/download/F/5/2/f5296720-250A-4055-991C-0CEA5DE11436/CE_14_9.cab
http://download.microsoft.com/download/F/5/2/f5296720-250A-4055-991C-0CEA5DE11436/CE_14_10.cab
http://download.microsoft.com/download/F/5/2/f5296720-250A-4055-991C-0CEA5DE11436/CE_14_11.cab
http://download.microsoft.com/download/F/5/2/f5296720-250A-4055-991C-0CEA5DE11436/CE_15_lc_1.cab
http://download.microsoft.com/download/F/5/2/f5296720-250A-4055-991C-0CEA5DE11436/CE_15_1.cab
http://download.microsoft.com/download/F/5/2/f5296720-250A-4055-991C-0CEA5DE11436/CE_15_2.cab
http://download.microsoft.com/download/F/5/2/f5296720-250A-4055-991C-0CEA5DE11436/CE_15_3.cab
http://download.microsoft.com/download/F/5/2/f5296720-250A-4055-991C-0CEA5DE11436/CE_15_4.cab
http://download.microsoft.com/download/F/5/2/f5296720-250A-4055-991C-0CEA5DE11436/CE_15_5.cab
http://download.microsoft.com/download/F/5/2/f5296720-250A-4055-991C-0CEA5DE11436/CE_15_6.cab
http://download.microsoft.com/download/F/5/2/f5296720-250A-4055-991C-0CEA5DE11436/CE_15_7.cab
http://download.microsoft.com/download/F/5/2/f5296720-250A-4055-991C-0CEA5DE11436/CE_15_8.cab
http://download.microsoft.com/download/F/5/2/f5296720-250A-4055-991C-0CEA5DE11436/CE_15_9.cab
http://download.microsoft.com/download/F/5/2/f5296720-250A-4055-991C-0CEA5DE11436/CE_15_10.cab
http://download.microsoft.com/download/F/5/2/f5296720-250A-4055-991C-0CEA5DE11436/CE_16_1.cab
http://download.microsoft.com/download/F/5/2/f5296720-250A-4055-991C-0CEA5DE11436/CE_16_2.cab
http://download.microsoft.com/download/F/5/2/f5296720-250A-4055-991C-0CEA5DE11436/CE_16_3.cab
http://download.microsoft.com/download/F/5/2/f5296720-250A-4055-991C-0CEA5DE11436/CE_16_4.cab
http://download.microsoft.com/download/F/5/2/f5296720-250A-4055-991C-0CEA5DE11436/CE_16_5.cab
http://download.microsoft.com/download/F/5/2/f5296720-250A-4055-991C-0CEA5DE11436/CE_16_6.cab
http://download.microsoft.com/download/F/5/2/f5296720-250A-4055-991C-0CEA5DE11436/CE_16_7.cab
http://download.microsoft.com/download/F/5/2/f5296720-250A-4055-991C-0CEA5DE11436/CE_16_8.cab
http://download.microsoft.com/download/F/5/2/f5296720-250A-4055-991C-0CEA5DE11436/CE_16_9.cab
http://download.microsoft.com/download/F/5/2/f5296720-250A-4055-991C-0CEA5DE11436/CE_16_10.cab
http://download.microsoft.com/download/F/5/2/f5296720-250A-4055-991C-0CEA5DE11436/CE_16_11.cab