BUILD: [Thrd:Sequence:Type  ] Message
BUILD: [00:0000000000:PROGC ] Build started with parameters: -c
BUILD: [00:0000000001:PROGC ] Build started in directory: C:\WINCE600\PLATFORM\UP2440\src\drivers\Digital_Dot
BUILD: [00:0000000002:PROGC ] Checking for C:\WINCE600\sdk\bin\i386\srccheck.exe.
BUILD: [00:0000000003:PROGC ] Running passes WCEFILES0, MIDL, MC, ASN, THUNK, PRECOMPHEADER, COMPILE, LIB, LINK, MANAGEDRESX, MANAGEDMOD, MANAGEDDLL, MANAGEDEXE, MANAGEDWIN for ARM.
BUILD: [00:0000000004:PROGC ] Ignoring build database (-c specified).
BUILD: [00:0000000005:PROGC ] Computing include file dependencies:
BUILD: [00:0000000006:PROGC ] Checking for SDK include directory: C:\WINCE600\sdk\CE\inc.
BUILD: [00:0000000007:PROGC ] Scan C:\WINCE600\PLATFORM\UP2440\src\drivers\Digital_Dot\
BUILD: [00:0000000008:WARNS ] Directory: C:\WINCE600\platform\UP2440\inc\ does not exist.
BUILD: [00:0000000009:PROGC ] Saving C:\WINCE600\PLATFORM\UP2440\Build.dat.
BUILD: [00:0000000010:INFO  ] Done.
BUILD: [00:0000000011:INFO  ] Will Build C:\WINCE600\PLATFORM\UP2440\src\drivers\Digital_Dot\Digital_Dot.cpp because target: obj\ARMV4I\retail\Digital_Dot.obj is missing.
BUILD: [00:0000000012:PROGC ] Building COMPILE Pass in C:\WINCE600\PLATFORM\UP2440\src\drivers\Digital_Dot\ directory.
BUILD: [00:0000000013:PROG  ] 'NMAKE.EXE TargetCompilePass  -i -c BUILDMSG=Stop.  BUILDROOT=C:\WINCE600\PLATFORM\UP2440 CLEANBUILD=1 NOLINK=1 NOPASS0=1'
BUILD: [01:0000000014:INFO  ] makefile.def: Including C:\WINCE600\public\common\oak\misc\Sources.default
BUILD: [01:0000000015:INFO  ] makefile.def: BUILDROOT is C:\WINCE600\PLATFORM\UP2440
BUILD: [01:0000000016:INFO  ] makefile.def: Including C:\WINCE600\PLATFORM\UP2440\sources.cmn
BUILD: [01:0000000017:INFO  ] makefile.def: Including C:\WINCE600\PLATFORM\UP2440\src\drivers\Digital_Dot\sources
BUILD: [01:0000000018:INFO  ] makefile.def: Including C:\WINCE600\public\common\oak\misc\Sources.CE
BUILD: [01:0000000019:INFO  ] Directory: C:\WINCE600\PLATFORM\UP2440\src\drivers\Digital_Dot
BUILD: [01:0000000020:INFO  ] TARGETNAME: digital_dot
BUILD: [01:0000000021:INFO  ] makefile.def: Including C:\WINCE600\public\common\oak\misc\sources.ReleaseType_PLATFORM
BUILD: [01:0000000022:PROGC ] Compiling .\Digital_Dot.cpp
BUILD: [01:0000000023:INFO  ] cl -nologo    /Gy -Foobj\ARMV4I\retail\Digital_Dot.obj -c -IARM\ -I. -IC:\WINCE600\platform\UP2440\inc -IC:\WINCE600\OSDesign\UP2440\Wince600\UP2440_ARMV4I\cesysgen\oak\inc -IC:\WINCE600\public\common\oak\inc -IC:\WINCE600\public\common\sdk\inc -IC:\WINCE600\public\common\ddk\inc -I	..\..\inc -IC:\WINCE600\OSDesign\UP2440\Wince600\UP2440_ARMV4I\cesysgen\sdk\inc -IC:\WINCE600\OSDesign\UP2440\Wince600\UP2440_ARMV4I\cesysgen\oak\inc -IC:\WINCE600\OSDesign\UP2440\Wince600\UP2440_ARMV4I\cesysgen\ddk\inc -IC:\WINCE600\sdk\CE\inc -I.\Resource\0804 -Ox -Os -GF -Zi -FdC:\WINCE600\platform\UP2440\target\ARMV4I\retail\digital_dot.pdb -D_CRT_SECURE_NO_DEPRECATE -D_USE_32BIT_TIME_T -DUNICODE -D_UNICODE -DUNDER_CE=600 -D_WIN32_WCE=0x600 -DWINCEOEM -DWINCEINTERNAL -DWIN32 -DSTRICT -DARM -DARMV4I -D_ARM_ -DNDEBUG=1  -DINTERNATIONAL -DINTLMSG_CODEPAGE=1252 -QRimplicit-import- -Zi  -Zc:wchar_t- -Zc:forScope- -wd4867 -wd4430 -MT -U_MT -W3    /GR- -QRarch4T -DTHUMBSUPPORT -QRinterwork-return  /GS C:\WINCE600\PLATFORM\UP2440\src\drivers\Digital_Dot\.\Digital_Dot.cpp
BUILD: [01:0000000024:INFO  ] Digital_Dot.cpp
BUILD: [00:0000000025:INFO  ] Will Build C:\WINCE600\PLATFORM\UP2440\src\drivers\Digital_Dot\obj\ARMV4I\retail\Digital_Dot.obj because target: C:\WINCE600\platform\UP2440\lib\ARMV4I\retail\digital_dot.lib is missing.
BUILD: [00:0000000026:INFO  ] Will Build C:\WINCE600\PLATFORM\UP2440\src\drivers\Digital_Dot\ because target: C:\WINCE600\platform\UP2440\lib\ARMV4I\retail\digital_dot.lib is missing.
BUILD: [00:0000000027:PROGC ] Building LIB Pass in C:\WINCE600\PLATFORM\UP2440\src\drivers\Digital_Dot\ directory.
BUILD: [00:0000000028:PROG  ] 'NMAKE.EXE TargetLibFiles  -i -c BUILDMSG=Stop.  BUILDROOT=C:\WINCE600\PLATFORM\UP2440 CLEANBUILD=1 LINKONLY=1 NOPASS0=1'
BUILD: [01:0000000029:INFO  ] makefile.def: Including C:\WINCE600\public\common\oak\misc\Sources.default
BUILD: [01:0000000030:INFO  ] makefile.def: BUILDROOT is C:\WINCE600\PLATFORM\UP2440
BUILD: [01:0000000031:INFO  ] makefile.def: Including C:\WINCE600\PLATFORM\UP2440\sources.cmn
BUILD: [01:0000000032:INFO  ] makefile.def: Including C:\WINCE600\PLATFORM\UP2440\src\drivers\Digital_Dot\sources
BUILD: [01:0000000033:INFO  ] makefile.def: Including C:\WINCE600\public\common\oak\misc\Sources.CE
BUILD: [01:0000000034:INFO  ] Directory: C:\WINCE600\PLATFORM\UP2440\src\drivers\Digital_Dot
BUILD: [01:0000000035:INFO  ] TARGETNAME: digital_dot
BUILD: [01:0000000036:INFO  ] makefile.def: Including C:\WINCE600\public\common\oak\misc\sources.ReleaseType_PLATFORM
BUILD: [01:0000000037:PROGC ] Linking C:\WINCE600\platform\UP2440\lib\ARMV4I\retail\digital_dot.lib
BUILD: [01:0000000038:INFO  ] 	link -lib -out:C:\WINCE600\platform\UP2440\lib\ARMV4I\retail\digital_dot.lib -def:digital_dot.def -machine:thumb @C:\DOCUME~1\ADMINI~1\LOCALS~1\Temp\nm305.tmp
BUILD: [01:0000000039:INFO  ] Microsoft (R) Library Manager Version 8.00.50727.42
BUILD: [01:0000000040:INFO  ] Copyright (C) Microsoft Corporation.  All rights reserved.
BUILD: [01:0000000041:INFO  ] 
BUILD: [01:0000000042:INFO  ] -nodefaultlib 
BUILD: [01:0000000043:INFO  ] -ignore:4001 
BUILD: [01:0000000044:INFO  ] /subsystem:windowsce,6.00 
BUILD: [01:0000000045:INFO  ] obj\ARMV4I\retail\Digital_Dot.obj 
BUILD: [01:0000000046:INFO  ]    Creating library C:\WINCE600\platform\UP2440\lib\ARMV4I\retail\digital_dot.lib and object C:\WINCE600\platform\UP2440\lib\ARMV4I\retail\digital_dot.exp
BUILD: [00:0000000047:INFO  ] Will Build C:\WINCE600\OSDesign\UP2440\Wince600\UP2440_ARMV4I\cesysgen\sdk\lib\ARMV4I\retail\coredll.lib because target: C:\WINCE600\platform\UP2440\target\ARMV4I\retail\digital_dot.dll is missing.
BUILD: [00:0000000048:INFO  ] Will Build C:\WINCE600\PLATFORM\UP2440\src\drivers\Digital_Dot\obj\ARMV4I\retail\Digital_Dot.obj because target: C:\WINCE600\platform\UP2440\target\ARMV4I\retail\digital_dot.dll is missing.
BUILD: [00:0000000049:INFO  ] Will Build C:\WINCE600\PLATFORM\UP2440\src\drivers\Digital_Dot\ because target: C:\WINCE600\platform\UP2440\target\ARMV4I\retail\digital_dot.dll is missing.
BUILD: [00:0000000050:PROGC ] Building LINK Pass in C:\WINCE600\PLATFORM\UP2440\src\drivers\Digital_Dot\ directory.
BUILD: [00:0000000051:PROG  ] 'NMAKE.EXE TargetExeFiles  -i -c BUILDMSG=Stop.  BUILDROOT=C:\WINCE600\PLATFORM\UP2440 CLEANBUILD=1 LINKONLY=1 NOPASS0=1MAKEDLL=1'
BUILD: [01:0000000052:INFO  ] makefile.def: Including C:\WINCE600\public\common\oak\misc\Sources.default
BUILD: [01:0000000053:INFO  ] makefile.def: BUILDROOT is C:\WINCE600\PLATFORM\UP2440
BUILD: [01:0000000054:INFO  ] makefile.def: Including C:\WINCE600\PLATFORM\UP2440\sources.cmn
BUILD: [01:0000000055:INFO  ] makefile.def: Including C:\WINCE600\PLATFORM\UP2440\src\drivers\Digital_Dot\sources
BUILD: [01:0000000056:INFO  ] makefile.def: Including C:\WINCE600\public\common\oak\misc\Sources.CE
BUILD: [01:0000000057:INFO  ] Directory: C:\WINCE600\PLATFORM\UP2440\src\drivers\Digital_Dot
BUILD: [01:0000000058:INFO  ] TARGETNAME: digital_dot
BUILD: [01:0000000059:INFO  ] makefile.def: Including C:\WINCE600\public\common\oak\misc\sources.ReleaseType_PLATFORM
BUILD: [01:0000000060:INFO  ] 	set LIB=C:\WINCE600\sdk\CE\lib
BUILD: [01:0000000061:PROGC ] Linking C:\WINCE600\platform\UP2440\target\ARMV4I\retail\digital_dot.dll
BUILD: [01:0000000062:INFO  ] 	link /LARGEADDRESSAWARE -out:C:\WINCE600\platform\UP2440\target\ARMV4I\retail\digital_dot.dll -dll -machine:thumb @C:\DOCUME~1\ADMINI~1\LOCALS~1\Temp\nm306.tmp
BUILD: [01:0000000063:INFO  ] Microsoft (R) Incremental Linker Version 8.00.50727.42
BUILD: [01:0000000064:INFO  ] Copyright (C) Microsoft Corporation.  All rights reserved.
BUILD: [01:0000000065:INFO  ] 
BUILD: [01:0000000066:INFO  ] -nodefaultlib 
BUILD: [01:0000000067:INFO  ] -entry:DllEntry 
BUILD: [01:0000000068:INFO  ] -pdb:C:\WINCE600\platform\UP2440\target\ARMV4I\retail\digital_dot.pdb 
BUILD: [01:0000000069:INFO  ] -pdbaltpath:digital_dot.pdb 
BUILD: [01:0000000070:INFO  ] /opt:ref 
BUILD: [01:0000000071:INFO  ] -debug -debugtype:cv -incremental:no 
BUILD: [01:0000000072:INFO  ] -map:C:\WINCE600\platform\UP2440\target\ARMV4I\retail\digital_dot.map 
BUILD: [01:0000000073:INFO  ] -savebaserelocations:C:\WINCE600\platform\UP2440\target\ARMV4I\retail\digital_dot.rel 
BUILD: [01:0000000074:INFO  ] -MERGE:.rdata=.text -merge:.astart=.text -align:4096 -ignore:4001,4070,4078,4086,4089,4096,4099,4108,4229 /STACK:65536,4096 -debugtype:cv,fixup -incremental:no 
BUILD: [01:0000000075:INFO  ] /subsystem:windowsce,6.00 
BUILD: [01:0000000076:INFO  ] /base:0x10000000 
BUILD: [01:0000000077:INFO  ] obj\ARMV4I\retail\Digital_Dot.obj 
BUILD: [01:0000000078:INFO  ] C:\WINCE600\OSDesign\UP2440\Wince600\UP2440_ARMV4I\cesysgen\sdk\lib\ARMV4I\retail\coredll.lib C:\WINCE600\OSDesign\UP2440\Wince600\UP2440_ARMV4I\cesysgen\oak\lib\ARMV4I\retail\corelib0.lib C:\WINCE600\OSDesign\UP2440\Wince600\UP2440_ARMV4I\cesysgen\oak\lib\ARMV4I\retail\corelib1.lib 
BUILD: [01:0000000079:INFO  ] C:\WINCE600\platform\UP2440\lib\ARMV4I\retail\digital_dot.exp 
BUILD: [01:0000000080:INFO  ] 	editbin /nxcompat C:\WINCE600\platform\UP2440\target\ARMV4I\retail\digital_dot.dll
BUILD: [01:0000000081:INFO  ] Microsoft (R) COFF/PE Editor Version 8.00.50727.42
BUILD: [01:0000000082:INFO  ] Copyright (C) Microsoft Corporation.  All rights reserved.
BUILD: [01:0000000083:INFO  ] 
BUILD: [01:0000000084:INFO  ] 
BUILD: [01:0000000085:INFO  ] 	copylink /S:a /D:f /E:a /R:n C:\WINCE600\platform\UP2440\target\ARMV4I\retail\digital_dot.map C:\WINCE600\OSDesign\UP2440\RelDir\UP2440_ARMV4I_Release\digital_dot.map
BUILD: [01:0000000086:INFO  ] 	if exist C:\WINCE600\platform\UP2440\target\ARMV4I\retail\digital_dot.pdb copylink /S:a /D:f /E:a /R:n C:\WINCE600\platform\UP2440\target\ARMV4I\retail\digital_dot.pdb C:\WINCE600\OSDesign\UP2440\RelDir\UP2440_ARMV4I_Release
BUILD: [01:0000000087:INFO  ] 	if exist C:\WINCE600\platform\UP2440\target\ARMV4I\retail\digital_dot.rel copylink /S:a /D:f /E:a /R:n C:\WINCE600\platform\UP2440\target\ARMV4I\retail\digital_dot.rel C:\WINCE600\OSDesign\UP2440\RelDir\UP2440_ARMV4I_Release\digital_dot.rel
BUILD: [01:0000000088:INFO  ] 	copylink /S:a /D:f /E:a /R:n C:\WINCE600\platform\UP2440\target\ARMV4I\retail\digital_dot.dll C:\WINCE600\OSDesign\UP2440\RelDir\UP2440_ARMV4I_Release\digital_dot.dll
BUILD: [00:0000000089:PROGC ] Saving C:\WINCE600\PLATFORM\UP2440\Build.dat.
BUILD: [00:0000000090:INFO  ] Done.
BUILD: [00:0000000091:PROGC ] Done.
BUILD: [00:0000000092:PROGC ]                        Files  Warnings  Errors
BUILD: [00:0000000093:PROGC ] Midl                       0         0       0
BUILD: [00:0000000094:PROGC ] Message                    0         0       0
BUILD: [00:0000000095:PROGC ] Precomp Header             0         0       0
BUILD: [00:0000000096:PROGC ] Resource                   0         0       0
BUILD: [00:0000000097:PROGC ] MASM                       0         0       0
BUILD: [00:0000000098:PROGC ] SHASM                      0         0       0
BUILD: [00:0000000099:PROGC ] ARMASM                     0         0       0
BUILD: [00:0000000100:PROGC ] MIPSASM                    0         0       0
BUILD: [00:0000000101:PROGC ] C++                        1         0       0
BUILD: [00:0000000102:PROGC ] C                          0         0       0
BUILD: [00:0000000103:PROGC ] Static Libraries           0         0       0
BUILD: [00:0000000104:PROGC ] Exe's                      0         0       0
BUILD: [00:0000000105:PROGC ] Dll's                      2         0       0
BUILD: [00:0000000106:PROGC ] Preprocess deffile         0         0       0
BUILD: [00:0000000107:PROGC ] Resx                       0         0       0
BUILD: [00:0000000108:PROGC ] CSharp Compile             0         0       0
BUILD: [00:0000000109:PROGC ] Other                      0         1       0
BUILD: [00:0000000110:PROGC ] 
BUILD: [00:0000000111:PROGC ] Total                      3         1       0
BUILD: [00:0000000112:PROGC ] 
BUILD: [00:0000000113:PROGC ] 1 Warnings,  0 Errors
BUILD: [00:0000000114:PROGC ] GetSystemTimes (seconds): Idle: 20    Kernel: 22    User: 5    
BUILD: [00:0000000115:PROGC ] Elapsed  time  (seconds): 7    
