BUILD: [Thrd:Sequence:Type  ] Message
BUILD: [00:0000000000:PROGC ] Build started with parameters: -c
BUILD: [00:0000000001:PROGC ] Build started in directory: C:\WINCE600\PLATFORM\UP2440\src\drivers\wavedev
BUILD: [00:0000000002:PROGC ] Checking for C:\WINCE600\sdk\bin\i386\srccheck.exe.
BUILD: [00:0000000003:PROGC ] Running passes WCEFILES0, MIDL, MC, ASN, THUNK, PRECOMPHEADER, COMPILE, LIB, LINK, MANAGEDRESX, MANAGEDMOD, MANAGEDDLL, MANAGEDEXE, MANAGEDWIN for ARM.
BUILD: [00:0000000004:PROGC ] Ignoring build database (-c specified).
BUILD: [00:0000000005:PROGC ] Computing include file dependencies:
BUILD: [00:0000000006:PROGC ] Checking for SDK include directory: C:\WINCE600\sdk\CE\inc.
BUILD: [00:0000000007:PROGC ] Scan C:\WINCE600\PLATFORM\UP2440\src\drivers\wavedev\
BUILD: [00:0000000008:PROGC ] Saving C:\WINCE600\PLATFORM\UP2440\Build.dat.
BUILD: [00:0000000009:INFO  ] Done.
BUILD: [00:0000000010:INFO  ] Will Build C:\WINCE600\PLATFORM\UP2440\src\drivers\wavedev\devctxt.cpp because target: obj\ARMV4I\retail\devctxt.obj is missing.
BUILD: [00:0000000011:INFO  ] Will Build C:\WINCE600\PLATFORM\UP2440\src\drivers\wavedev\hwctxt.cpp because target: obj\ARMV4I\retail\hwctxt.obj is missing.
BUILD: [00:0000000012:INFO  ] Will Build C:\WINCE600\PLATFORM\UP2440\src\drivers\wavedev\i2s.cpp because target: obj\ARMV4I\retail\i2s.obj is missing.
BUILD: [00:0000000013:INFO  ] Will Build C:\WINCE600\PLATFORM\UP2440\src\drivers\wavedev\input.cpp because target: obj\ARMV4I\retail\input.obj is missing.
BUILD: [00:0000000014:INFO  ] Will Build C:\WINCE600\PLATFORM\UP2440\src\drivers\wavedev\midinote.cpp because target: obj\ARMV4I\retail\midinote.obj is missing.
BUILD: [00:0000000015:INFO  ] Will Build C:\WINCE600\PLATFORM\UP2440\src\drivers\wavedev\midistrm.cpp because target: obj\ARMV4I\retail\midistrm.obj is missing.
BUILD: [00:0000000016:INFO  ] Will Build C:\WINCE600\PLATFORM\UP2440\src\drivers\wavedev\output.cpp because target: obj\ARMV4I\retail\output.obj is missing.
BUILD: [00:0000000017:INFO  ] Will Build C:\WINCE600\PLATFORM\UP2440\src\drivers\wavedev\strmctxt.cpp because target: obj\ARMV4I\retail\strmctxt.obj is missing.
BUILD: [00:0000000018:INFO  ] Will Build C:\WINCE600\PLATFORM\UP2440\src\drivers\wavedev\wavemain.cpp because target: obj\ARMV4I\retail\wavemain.obj is missing.
BUILD: [00:0000000019:INFO  ] Will Build C:\WINCE600\PLATFORM\UP2440\src\drivers\wavedev\mixerdrv.cpp because target: obj\ARMV4I\retail\mixerdrv.obj is missing.
BUILD: [00:0000000020:PROGC ] Building COMPILE Pass in C:\WINCE600\PLATFORM\UP2440\src\drivers\wavedev\ directory.
BUILD: [00:0000000021:PROG  ] 'NMAKE.EXE TargetCompilePass  -i -c BUILDMSG=Stop.  BUILDROOT=C:\WINCE600\PLATFORM\UP2440 CLEANBUILD=1 NOLINK=1 NOPASS0=1'
BUILD: [01:0000000022:INFO  ] makefile.def: Including C:\WINCE600\public\common\oak\misc\Sources.default
BUILD: [01:0000000023:INFO  ] makefile.def: BUILDROOT is C:\WINCE600\PLATFORM\UP2440
BUILD: [01:0000000024:INFO  ] makefile.def: Including C:\WINCE600\PLATFORM\UP2440\sources.cmn
BUILD: [01:0000000025:INFO  ] makefile.def: Including C:\WINCE600\PLATFORM\UP2440\src\drivers\wavedev\sources
BUILD: [01:0000000026:INFO  ] makefile.def: Including C:\WINCE600\public\common\oak\misc\Sources.CE
BUILD: [01:0000000027:INFO  ] Directory: C:\WINCE600\PLATFORM\UP2440\src\drivers\wavedev
BUILD: [01:0000000028:INFO  ] TARGETNAME: s3c2440a_wavedev
BUILD: [01:0000000029:INFO  ] makefile.def: Including C:\WINCE600\public\common\oak\misc\sources.ReleaseType_PLATFORM
BUILD: [01:0000000030:PROGC ] Compiling .\devctxt.cpp
BUILD: [01:0000000031:INFO  ] cl -nologo    /Gy -Foobj\ARMV4I\retail\devctxt.obj -c -IARM\ -I. -IC:\WINCE600\platform\UP2440\src\inc -IC:\WINCE600\public\common\oak\drivers\block\msflashfmd\inc -IC:\WINCE600\platform\UP2440\src\inc -IC:\WINCE600\OSDesign\UP2440\Wince600\UP2440_ARMV4I\cesysgen\sdk\inc -IC:\WINCE600\OSDesign\UP2440\Wince600\UP2440_ARMV4I\cesysgen\oak\inc -IC:\WINCE600\OSDesign\UP2440\Wince600\UP2440_ARMV4I\cesysgen\ddk\inc -IC:\WINCE600\sdk\CE\inc -I.\Resource\0804 -Ox -Os -GF -Zi -FdC:\WINCE600\platform\UP2440\target\ARMV4I\retail\s3c2440a_wavedev.pdb -D_CRT_SECURE_NO_DEPRECATE -D_USE_32BIT_TIME_T -DUNICODE -D_UNICODE -DUNDER_CE=600 -D_WIN32_WCE=0x600 -DWINCEOEM -DWINCEINTERNAL -DWIN32 -DSTRICT -DARM -DARMV4I -D_ARM_ -DNDEBUG=1  -DINTERNATIONAL -DINTLMSG_CODEPAGE=1252 -QRimplicit-import- -Zi  -Zc:wchar_t- -Zc:forScope- -wd4867 -wd4430 -MT -U_MT -W3    /GR- -QRarch4T -DTHUMBSUPPORT -QRinterwork-return  /GS C:\WINCE600\PLATFORM\UP2440\src\drivers\wavedev\.\devctxt.cpp
BUILD: [01:0000000032:INFO  ] devctxt.cpp
BUILD: [01:0000000033:INFO  ] Stubbing the PPLOG functions
BUILD: [01:0000000034:PROGC ] Compiling .\hwctxt.cpp
BUILD: [01:0000000035:INFO  ] cl -nologo    /Gy -Foobj\ARMV4I\retail\hwctxt.obj -c -IARM\ -I. -IC:\WINCE600\platform\UP2440\src\inc -IC:\WINCE600\public\common\oak\drivers\block\msflashfmd\inc -IC:\WINCE600\platform\UP2440\src\inc -IC:\WINCE600\OSDesign\UP2440\Wince600\UP2440_ARMV4I\cesysgen\sdk\inc -IC:\WINCE600\OSDesign\UP2440\Wince600\UP2440_ARMV4I\cesysgen\oak\inc -IC:\WINCE600\OSDesign\UP2440\Wince600\UP2440_ARMV4I\cesysgen\ddk\inc -IC:\WINCE600\sdk\CE\inc -I.\Resource\0804 -Ox -Os -GF -Zi -FdC:\WINCE600\platform\UP2440\target\ARMV4I\retail\s3c2440a_wavedev.pdb -D_CRT_SECURE_NO_DEPRECATE -D_USE_32BIT_TIME_T -DUNICODE -D_UNICODE -DUNDER_CE=600 -D_WIN32_WCE=0x600 -DWINCEOEM -DWINCEINTERNAL -DWIN32 -DSTRICT -DARM -DARMV4I -D_ARM_ -DNDEBUG=1  -DINTERNATIONAL -DINTLMSG_CODEPAGE=1252 -QRimplicit-import- -Zi  -Zc:wchar_t- -Zc:forScope- -wd4867 -wd4430 -MT -U_MT -W3    /GR- -QRarch4T -DTHUMBSUPPORT -QRinterwork-return  /GS C:\WINCE600\PLATFORM\UP2440\src\drivers\wavedev\.\hwctxt.cpp
BUILD: [01:0000000036:INFO  ] hwctxt.cpp
BUILD: [01:0000000037:INFO  ] Stubbing the PPLOG functions
BUILD: [01:0000000038:WARNN ] C:\WINCE600\PLATFORM\UP2440\src\drivers\wavedev\.\hwctxt.cpp(696) : warning C4101: 'flags' : unreferenced local variable
BUILD: [01:0000000039:PROGC ] Compiling .\i2s.cpp
BUILD: [01:0000000040:INFO  ] cl -nologo    /Gy -Foobj\ARMV4I\retail\i2s.obj -c -IARM\ -I. -IC:\WINCE600\platform\UP2440\src\inc -IC:\WINCE600\public\common\oak\drivers\block\msflashfmd\inc -IC:\WINCE600\platform\UP2440\src\inc -IC:\WINCE600\OSDesign\UP2440\Wince600\UP2440_ARMV4I\cesysgen\sdk\inc -IC:\WINCE600\OSDesign\UP2440\Wince600\UP2440_ARMV4I\cesysgen\oak\inc -IC:\WINCE600\OSDesign\UP2440\Wince600\UP2440_ARMV4I\cesysgen\ddk\inc -IC:\WINCE600\sdk\CE\inc -I.\Resource\0804 -Ox -Os -GF -Zi -FdC:\WINCE600\platform\UP2440\target\ARMV4I\retail\s3c2440a_wavedev.pdb -D_CRT_SECURE_NO_DEPRECATE -D_USE_32BIT_TIME_T -DUNICODE -D_UNICODE -DUNDER_CE=600 -D_WIN32_WCE=0x600 -DWINCEOEM -DWINCEINTERNAL -DWIN32 -DSTRICT -DARM -DARMV4I -D_ARM_ -DNDEBUG=1  -DINTERNATIONAL -DINTLMSG_CODEPAGE=1252 -QRimplicit-import- -Zi  -Zc:wchar_t- -Zc:forScope- -wd4867 -wd4430 -MT -U_MT -W3    /GR- -QRarch4T -DTHUMBSUPPORT -QRinterwork-return  /GS C:\WINCE600\PLATFORM\UP2440\src\drivers\wavedev\.\i2s.cpp
BUILD: [01:0000000041:INFO  ] i2s.cpp
BUILD: [01:0000000042:WARNN ] C:\WINCE600\PLATFORM\UP2440\src\drivers\wavedev\.\i2s.cpp(229) : warning C4101: 'dwBytesReturned' : unreferenced local variable
BUILD: [01:0000000043:WARNN ] C:\WINCE600\PLATFORM\UP2440\src\drivers\wavedev\.\i2s.cpp(228) : warning C4101: 'procInfo' : unreferenced local variable
BUILD: [01:0000000044:PROGC ] Compiling .\input.cpp
BUILD: [01:0000000045:INFO  ] cl -nologo    /Gy -Foobj\ARMV4I\retail\input.obj -c -IARM\ -I. -IC:\WINCE600\platform\UP2440\src\inc -IC:\WINCE600\public\common\oak\drivers\block\msflashfmd\inc -IC:\WINCE600\platform\UP2440\src\inc -IC:\WINCE600\OSDesign\UP2440\Wince600\UP2440_ARMV4I\cesysgen\sdk\inc -IC:\WINCE600\OSDesign\UP2440\Wince600\UP2440_ARMV4I\cesysgen\oak\inc -IC:\WINCE600\OSDesign\UP2440\Wince600\UP2440_ARMV4I\cesysgen\ddk\inc -IC:\WINCE600\sdk\CE\inc -I.\Resource\0804 -Ox -Os -GF -Zi -FdC:\WINCE600\platform\UP2440\target\ARMV4I\retail\s3c2440a_wavedev.pdb -D_CRT_SECURE_NO_DEPRECATE -D_USE_32BIT_TIME_T -DUNICODE -D_UNICODE -DUNDER_CE=600 -D_WIN32_WCE=0x600 -DWINCEOEM -DWINCEINTERNAL -DWIN32 -DSTRICT -DARM -DARMV4I -D_ARM_ -DNDEBUG=1  -DINTERNATIONAL -DINTLMSG_CODEPAGE=1252 -QRimplicit-import- -Zi  -Zc:wchar_t- -Zc:forScope- -wd4867 -wd4430 -MT -U_MT -W3    /GR- -QRarch4T -DTHUMBSUPPORT -QRinterwork-return  /GS C:\WINCE600\PLATFORM\UP2440\src\drivers\wavedev\.\input.cpp
BUILD: [01:0000000046:INFO  ] input.cpp
BUILD: [01:0000000047:INFO  ] Stubbing the PPLOG functions
BUILD: [01:0000000048:PROGC ] Compiling .\midinote.cpp
BUILD: [01:0000000049:INFO  ] cl -nologo    /Gy -Foobj\ARMV4I\retail\midinote.obj -c -IARM\ -I. -IC:\WINCE600\platform\UP2440\src\inc -IC:\WINCE600\public\common\oak\drivers\block\msflashfmd\inc -IC:\WINCE600\platform\UP2440\src\inc -IC:\WINCE600\OSDesign\UP2440\Wince600\UP2440_ARMV4I\cesysgen\sdk\inc -IC:\WINCE600\OSDesign\UP2440\Wince600\UP2440_ARMV4I\cesysgen\oak\inc -IC:\WINCE600\OSDesign\UP2440\Wince600\UP2440_ARMV4I\cesysgen\ddk\inc -IC:\WINCE600\sdk\CE\inc -I.\Resource\0804 -Ox -Os -GF -Zi -FdC:\WINCE600\platform\UP2440\target\ARMV4I\retail\s3c2440a_wavedev.pdb -D_CRT_SECURE_NO_DEPRECATE -D_USE_32BIT_TIME_T -DUNICODE -D_UNICODE -DUNDER_CE=600 -D_WIN32_WCE=0x600 -DWINCEOEM -DWINCEINTERNAL -DWIN32 -DSTRICT -DARM -DARMV4I -D_ARM_ -DNDEBUG=1  -DINTERNATIONAL -DINTLMSG_CODEPAGE=1252 -QRimplicit-import- -Zi  -Zc:wchar_t- -Zc:forScope- -wd4867 -wd4430 -MT -U_MT -W3    /GR- -QRarch4T -DTHUMBSUPPORT -QRinterwork-return  /GS C:\WINCE600\PLATFORM\UP2440\src\drivers\wavedev\.\midinote.cpp
BUILD: [01:0000000050:INFO  ] midinote.cpp
BUILD: [01:0000000051:INFO  ] Stubbing the PPLOG functions
BUILD: [01:0000000052:PROGC ] Compiling .\midistrm.cpp
BUILD: [01:0000000053:INFO  ] cl -nologo    /Gy -Foobj\ARMV4I\retail\midistrm.obj -c -IARM\ -I. -IC:\WINCE600\platform\UP2440\src\inc -IC:\WINCE600\public\common\oak\drivers\block\msflashfmd\inc -IC:\WINCE600\platform\UP2440\src\inc -IC:\WINCE600\OSDesign\UP2440\Wince600\UP2440_ARMV4I\cesysgen\sdk\inc -IC:\WINCE600\OSDesign\UP2440\Wince600\UP2440_ARMV4I\cesysgen\oak\inc -IC:\WINCE600\OSDesign\UP2440\Wince600\UP2440_ARMV4I\cesysgen\ddk\inc -IC:\WINCE600\sdk\CE\inc -I.\Resource\0804 -Ox -Os -GF -Zi -FdC:\WINCE600\platform\UP2440\target\ARMV4I\retail\s3c2440a_wavedev.pdb -D_CRT_SECURE_NO_DEPRECATE -D_USE_32BIT_TIME_T -DUNICODE -D_UNICODE -DUNDER_CE=600 -D_WIN32_WCE=0x600 -DWINCEOEM -DWINCEINTERNAL -DWIN32 -DSTRICT -DARM -DARMV4I -D_ARM_ -DNDEBUG=1  -DINTERNATIONAL -DINTLMSG_CODEPAGE=1252 -QRimplicit-import- -Zi  -Zc:wchar_t- -Zc:forScope- -wd4867 -wd4430 -MT -U_MT -W3    /GR- -QRarch4T -DTHUMBSUPPORT -QRinterwork-return  /GS C:\WINCE600\PLATFORM\UP2440\src\drivers\wavedev\.\midistrm.cpp
BUILD: [01:0000000054:INFO  ] midistrm.cpp
BUILD: [01:0000000055:INFO  ] Stubbing the PPLOG functions
BUILD: [01:0000000056:PROGC ] Compiling .\output.cpp
BUILD: [01:0000000057:INFO  ] cl -nologo    /Gy -Foobj\ARMV4I\retail\output.obj -c -IARM\ -I. -IC:\WINCE600\platform\UP2440\src\inc -IC:\WINCE600\public\common\oak\drivers\block\msflashfmd\inc -IC:\WINCE600\platform\UP2440\src\inc -IC:\WINCE600\OSDesign\UP2440\Wince600\UP2440_ARMV4I\cesysgen\sdk\inc -IC:\WINCE600\OSDesign\UP2440\Wince600\UP2440_ARMV4I\cesysgen\oak\inc -IC:\WINCE600\OSDesign\UP2440\Wince600\UP2440_ARMV4I\cesysgen\ddk\inc -IC:\WINCE600\sdk\CE\inc -I.\Resource\0804 -Ox -Os -GF -Zi -FdC:\WINCE600\platform\UP2440\target\ARMV4I\retail\s3c2440a_wavedev.pdb -D_CRT_SECURE_NO_DEPRECATE -D_USE_32BIT_TIME_T -DUNICODE -D_UNICODE -DUNDER_CE=600 -D_WIN32_WCE=0x600 -DWINCEOEM -DWINCEINTERNAL -DWIN32 -DSTRICT -DARM -DARMV4I -D_ARM_ -DNDEBUG=1  -DINTERNATIONAL -DINTLMSG_CODEPAGE=1252 -QRimplicit-import- -Zi  -Zc:wchar_t- -Zc:forScope- -wd4867 -wd4430 -MT -U_MT -W3    /GR- -QRarch4T -DTHUMBSUPPORT -QRinterwork-return  /GS C:\WINCE600\PLATFORM\UP2440\src\drivers\wavedev\.\output.cpp
BUILD: [01:0000000058:INFO  ] output.cpp
BUILD: [01:0000000059:INFO  ] Stubbing the PPLOG functions
BUILD: [01:0000000060:PROGC ] Compiling .\strmctxt.cpp
BUILD: [01:0000000061:INFO  ] cl -nologo    /Gy -Foobj\ARMV4I\retail\strmctxt.obj -c -IARM\ -I. -IC:\WINCE600\platform\UP2440\src\inc -IC:\WINCE600\public\common\oak\drivers\block\msflashfmd\inc -IC:\WINCE600\platform\UP2440\src\inc -IC:\WINCE600\OSDesign\UP2440\Wince600\UP2440_ARMV4I\cesysgen\sdk\inc -IC:\WINCE600\OSDesign\UP2440\Wince600\UP2440_ARMV4I\cesysgen\oak\inc -IC:\WINCE600\OSDesign\UP2440\Wince600\UP2440_ARMV4I\cesysgen\ddk\inc -IC:\WINCE600\sdk\CE\inc -I.\Resource\0804 -Ox -Os -GF -Zi -FdC:\WINCE600\platform\UP2440\target\ARMV4I\retail\s3c2440a_wavedev.pdb -D_CRT_SECURE_NO_DEPRECATE -D_USE_32BIT_TIME_T -DUNICODE -D_UNICODE -DUNDER_CE=600 -D_WIN32_WCE=0x600 -DWINCEOEM -DWINCEINTERNAL -DWIN32 -DSTRICT -DARM -DARMV4I -D_ARM_ -DNDEBUG=1  -DINTERNATIONAL -DINTLMSG_CODEPAGE=1252 -QRimplicit-import- -Zi  -Zc:wchar_t- -Zc:forScope- -wd4867 -wd4430 -MT -U_MT -W3    /GR- -QRarch4T -DTHUMBSUPPORT -QRinterwork-return  /GS C:\WINCE600\PLATFORM\UP2440\src\drivers\wavedev\.\strmctxt.cpp
BUILD: [01:0000000062:INFO  ] strmctxt.cpp
BUILD: [01:0000000063:INFO  ] Stubbing the PPLOG functions
BUILD: [01:0000000064:PROGC ] Compiling .\wavemain.cpp
BUILD: [01:0000000065:INFO  ] cl -nologo    /Gy -Foobj\ARMV4I\retail\wavemain.obj -c -IARM\ -I. -IC:\WINCE600\platform\UP2440\src\inc -IC:\WINCE600\public\common\oak\drivers\block\msflashfmd\inc -IC:\WINCE600\platform\UP2440\src\inc -IC:\WINCE600\OSDesign\UP2440\Wince600\UP2440_ARMV4I\cesysgen\sdk\inc -IC:\WINCE600\OSDesign\UP2440\Wince600\UP2440_ARMV4I\cesysgen\oak\inc -IC:\WINCE600\OSDesign\UP2440\Wince600\UP2440_ARMV4I\cesysgen\ddk\inc -IC:\WINCE600\sdk\CE\inc -I.\Resource\0804 -Ox -Os -GF -Zi -FdC:\WINCE600\platform\UP2440\target\ARMV4I\retail\s3c2440a_wavedev.pdb -D_CRT_SECURE_NO_DEPRECATE -D_USE_32BIT_TIME_T -DUNICODE -D_UNICODE -DUNDER_CE=600 -D_WIN32_WCE=0x600 -DWINCEOEM -DWINCEINTERNAL -DWIN32 -DSTRICT -DARM -DARMV4I -D_ARM_ -DNDEBUG=1  -DINTERNATIONAL -DINTLMSG_CODEPAGE=1252 -QRimplicit-import- -Zi  -Zc:wchar_t- -Zc:forScope- -wd4867 -wd4430 -MT -U_MT -W3    /GR- -QRarch4T -DTHUMBSUPPORT -QRinterwork-return  /GS C:\WINCE600\PLATFORM\UP2440\src\drivers\wavedev\.\wavemain.cpp
BUILD: [01:0000000066:INFO  ] wavemain.cpp
BUILD: [01:0000000067:INFO  ] Stubbing the PPLOG functions
BUILD: [01:0000000068:PROGC ] Compiling .\mixerdrv.cpp
BUILD: [01:0000000069:INFO  ] cl -nologo    /Gy -Foobj\ARMV4I\retail\mixerdrv.obj -c -IARM\ -I. -IC:\WINCE600\platform\UP2440\src\inc -IC:\WINCE600\public\common\oak\drivers\block\msflashfmd\inc -IC:\WINCE600\platform\UP2440\src\inc -IC:\WINCE600\OSDesign\UP2440\Wince600\UP2440_ARMV4I\cesysgen\sdk\inc -IC:\WINCE600\OSDesign\UP2440\Wince600\UP2440_ARMV4I\cesysgen\oak\inc -IC:\WINCE600\OSDesign\UP2440\Wince600\UP2440_ARMV4I\cesysgen\ddk\inc -IC:\WINCE600\sdk\CE\inc -I.\Resource\0804 -Ox -Os -GF -Zi -FdC:\WINCE600\platform\UP2440\target\ARMV4I\retail\s3c2440a_wavedev.pdb -D_CRT_SECURE_NO_DEPRECATE -D_USE_32BIT_TIME_T -DUNICODE -D_UNICODE -DUNDER_CE=600 -D_WIN32_WCE=0x600 -DWINCEOEM -DWINCEINTERNAL -DWIN32 -DSTRICT -DARM -DARMV4I -D_ARM_ -DNDEBUG=1  -DINTERNATIONAL -DINTLMSG_CODEPAGE=1252 -QRimplicit-import- -Zi  -Zc:wchar_t- -Zc:forScope- -wd4867 -wd4430 -MT -U_MT -W3    /GR- -QRarch4T -DTHUMBSUPPORT -QRinterwork-return  /GS C:\WINCE600\PLATFORM\UP2440\src\drivers\wavedev\.\mixerdrv.cpp
BUILD: [01:0000000070:INFO  ] mixerdrv.cpp
BUILD: [01:0000000071:INFO  ] Stubbing the PPLOG functions
BUILD: [00:0000000072:INFO  ] Will Build C:\WINCE600\platform\UP2440\lib\ARMV4I\retail\ceddk.lib because target: C:\WINCE600\platform\UP2440\lib\ARMV4I\retail\s3c2440a_wavedev.lib is missing.
BUILD: [00:0000000073:INFO  ] Will Build C:\WINCE600\PLATFORM\UP2440\src\drivers\wavedev\obj\ARMV4I\retail\devctxt.obj because target: C:\WINCE600\platform\UP2440\lib\ARMV4I\retail\s3c2440a_wavedev.lib is missing.
BUILD: [00:0000000074:INFO  ] Will Build C:\WINCE600\PLATFORM\UP2440\src\drivers\wavedev\obj\ARMV4I\retail\hwctxt.obj because target: C:\WINCE600\platform\UP2440\lib\ARMV4I\retail\s3c2440a_wavedev.lib is missing.
BUILD: [00:0000000075:INFO  ] Will Build C:\WINCE600\PLATFORM\UP2440\src\drivers\wavedev\obj\ARMV4I\retail\i2s.obj because target: C:\WINCE600\platform\UP2440\lib\ARMV4I\retail\s3c2440a_wavedev.lib is missing.
BUILD: [00:0000000076:INFO  ] Will Build C:\WINCE600\PLATFORM\UP2440\src\drivers\wavedev\obj\ARMV4I\retail\input.obj because target: C:\WINCE600\platform\UP2440\lib\ARMV4I\retail\s3c2440a_wavedev.lib is missing.
BUILD: [00:0000000077:INFO  ] Will Build C:\WINCE600\PLATFORM\UP2440\src\drivers\wavedev\obj\ARMV4I\retail\midinote.obj because target: C:\WINCE600\platform\UP2440\lib\ARMV4I\retail\s3c2440a_wavedev.lib is missing.
BUILD: [00:0000000078:INFO  ] Will Build C:\WINCE600\PLATFORM\UP2440\src\drivers\wavedev\obj\ARMV4I\retail\midistrm.obj because target: C:\WINCE600\platform\UP2440\lib\ARMV4I\retail\s3c2440a_wavedev.lib is missing.
BUILD: [00:0000000079:INFO  ] Will Build C:\WINCE600\PLATFORM\UP2440\src\drivers\wavedev\obj\ARMV4I\retail\output.obj because target: C:\WINCE600\platform\UP2440\lib\ARMV4I\retail\s3c2440a_wavedev.lib is missing.
BUILD: [00:0000000080:INFO  ] Will Build C:\WINCE600\PLATFORM\UP2440\src\drivers\wavedev\obj\ARMV4I\retail\strmctxt.obj because target: C:\WINCE600\platform\UP2440\lib\ARMV4I\retail\s3c2440a_wavedev.lib is missing.
BUILD: [00:0000000081:INFO  ] Will Build C:\WINCE600\PLATFORM\UP2440\src\drivers\wavedev\obj\ARMV4I\retail\wavemain.obj because target: C:\WINCE600\platform\UP2440\lib\ARMV4I\retail\s3c2440a_wavedev.lib is missing.
BUILD: [00:0000000082:INFO  ] Will Build C:\WINCE600\PLATFORM\UP2440\src\drivers\wavedev\obj\ARMV4I\retail\mixerdrv.obj because target: C:\WINCE600\platform\UP2440\lib\ARMV4I\retail\s3c2440a_wavedev.lib is missing.
BUILD: [00:0000000083:INFO  ] Will Build C:\WINCE600\PLATFORM\UP2440\src\drivers\wavedev\ because target: C:\WINCE600\platform\UP2440\lib\ARMV4I\retail\s3c2440a_wavedev.lib is missing.
BUILD: [00:0000000084:PROGC ] Building LIB Pass in C:\WINCE600\PLATFORM\UP2440\src\drivers\wavedev\ directory.
BUILD: [00:0000000085:PROG  ] 'NMAKE.EXE TargetLibFiles  -i -c BUILDMSG=Stop.  BUILDROOT=C:\WINCE600\PLATFORM\UP2440 CLEANBUILD=1 LINKONLY=1 NOPASS0=1'
BUILD: [01:0000000086:INFO  ] makefile.def: Including C:\WINCE600\public\common\oak\misc\Sources.default
BUILD: [01:0000000087:INFO  ] makefile.def: BUILDROOT is C:\WINCE600\PLATFORM\UP2440
BUILD: [01:0000000088:INFO  ] makefile.def: Including C:\WINCE600\PLATFORM\UP2440\sources.cmn
BUILD: [01:0000000089:INFO  ] makefile.def: Including C:\WINCE600\PLATFORM\UP2440\src\drivers\wavedev\sources
BUILD: [01:0000000090:INFO  ] makefile.def: Including C:\WINCE600\public\common\oak\misc\Sources.CE
BUILD: [01:0000000091:INFO  ] Directory: C:\WINCE600\PLATFORM\UP2440\src\drivers\wavedev
BUILD: [01:0000000092:INFO  ] TARGETNAME: s3c2440a_wavedev
BUILD: [01:0000000093:INFO  ] makefile.def: Including C:\WINCE600\public\common\oak\misc\sources.ReleaseType_PLATFORM
BUILD: [01:0000000094:PROGC ] Linking C:\WINCE600\platform\UP2440\lib\ARMV4I\retail\s3c2440a_wavedev.lib
BUILD: [01:0000000095:INFO  ] 	link -lib -out:C:\WINCE600\platform\UP2440\lib\ARMV4I\retail\s3c2440a_wavedev.lib -def:C:\WINCE600\OSDesign\UP2440\Wince600\UP2440_ARMV4I\cesysgen\oak\inc\wavedev.def -machine:thumb @C:\DOCUME~1\ADMINI~1\LOCALS~1\Temp\nm2EC.tmp
BUILD: [01:0000000096:INFO  ] Microsoft (R) Library Manager Version 8.00.50727.42
BUILD: [01:0000000097:INFO  ] Copyright (C) Microsoft Corporation.  All rights reserved.
BUILD: [01:0000000098:INFO  ] 
BUILD: [01:0000000099:INFO  ] -nodefaultlib 
BUILD: [01:0000000100:INFO  ] -ignore:4001 
BUILD: [01:0000000101:INFO  ] /subsystem:windowsce,6.00 
BUILD: [01:0000000102:INFO  ] obj\ARMV4I\retail\devctxt.obj obj\ARMV4I\retail\hwctxt.obj obj\ARMV4I\retail\i2s.obj obj\ARMV4I\retail\input.obj obj\ARMV4I\retail\midinote.obj obj\ARMV4I\retail\midistrm.obj obj\ARMV4I\retail\output.obj obj\ARMV4I\retail\strmctxt.obj obj\ARMV4I\retail\wavemain.obj obj\ARMV4I\retail\mixerdrv.obj 
BUILD: [01:0000000103:INFO  ] C:\WINCE600\platform\UP2440\lib\ARMV4I\retail\ceddk.lib 
BUILD: [01:0000000104:INFO  ]    Creating library C:\WINCE600\platform\UP2440\lib\ARMV4I\retail\s3c2440a_wavedev.lib and object C:\WINCE600\platform\UP2440\lib\ARMV4I\retail\s3c2440a_wavedev.exp
BUILD: [00:0000000105:INFO  ] Will Build C:\WINCE600\platform\UP2440\lib\ARMV4I\retail\ceddk.lib because target: C:\WINCE600\platform\UP2440\target\ARMV4I\retail\s3c2440a_wavedev.dll is missing.
BUILD: [00:0000000106:INFO  ] Will Build C:\WINCE600\OSDesign\UP2440\Wince600\UP2440_ARMV4I\cesysgen\oak\inc\wavedev.def because target: C:\WINCE600\platform\UP2440\target\ARMV4I\retail\s3c2440a_wavedev.dll is missing.
BUILD: [00:0000000107:INFO  ] Will Build C:\WINCE600\OSDesign\UP2440\Wince600\UP2440_ARMV4I\cesysgen\sdk\lib\ARMV4I\retail\coredll.lib because target: C:\WINCE600\platform\UP2440\target\ARMV4I\retail\s3c2440a_wavedev.dll is missing.
BUILD: [00:0000000108:INFO  ] Will Build C:\WINCE600\PLATFORM\UP2440\src\drivers\wavedev\obj\ARMV4I\retail\devctxt.obj because target: C:\WINCE600\platform\UP2440\target\ARMV4I\retail\s3c2440a_wavedev.dll is missing.
BUILD: [00:0000000109:INFO  ] Will Build C:\WINCE600\PLATFORM\UP2440\src\drivers\wavedev\obj\ARMV4I\retail\hwctxt.obj because target: C:\WINCE600\platform\UP2440\target\ARMV4I\retail\s3c2440a_wavedev.dll is missing.
BUILD: [00:0000000110:INFO  ] Will Build C:\WINCE600\PLATFORM\UP2440\src\drivers\wavedev\obj\ARMV4I\retail\i2s.obj because target: C:\WINCE600\platform\UP2440\target\ARMV4I\retail\s3c2440a_wavedev.dll is missing.
BUILD: [00:0000000111:INFO  ] Will Build C:\WINCE600\PLATFORM\UP2440\src\drivers\wavedev\obj\ARMV4I\retail\input.obj because target: C:\WINCE600\platform\UP2440\target\ARMV4I\retail\s3c2440a_wavedev.dll is missing.
BUILD: [00:0000000112:INFO  ] Will Build C:\WINCE600\PLATFORM\UP2440\src\drivers\wavedev\obj\ARMV4I\retail\midinote.obj because target: C:\WINCE600\platform\UP2440\target\ARMV4I\retail\s3c2440a_wavedev.dll is missing.
BUILD: [00:0000000113:INFO  ] Will Build C:\WINCE600\PLATFORM\UP2440\src\drivers\wavedev\obj\ARMV4I\retail\midistrm.obj because target: C:\WINCE600\platform\UP2440\target\ARMV4I\retail\s3c2440a_wavedev.dll is missing.
BUILD: [00:0000000114:INFO  ] Will Build C:\WINCE600\PLATFORM\UP2440\src\drivers\wavedev\obj\ARMV4I\retail\output.obj because target: C:\WINCE600\platform\UP2440\target\ARMV4I\retail\s3c2440a_wavedev.dll is missing.
BUILD: [00:0000000115:INFO  ] Will Build C:\WINCE600\PLATFORM\UP2440\src\drivers\wavedev\obj\ARMV4I\retail\strmctxt.obj because target: C:\WINCE600\platform\UP2440\target\ARMV4I\retail\s3c2440a_wavedev.dll is missing.
BUILD: [00:0000000116:INFO  ] Will Build C:\WINCE600\PLATFORM\UP2440\src\drivers\wavedev\obj\ARMV4I\retail\wavemain.obj because target: C:\WINCE600\platform\UP2440\target\ARMV4I\retail\s3c2440a_wavedev.dll is missing.
BUILD: [00:0000000117:INFO  ] Will Build C:\WINCE600\PLATFORM\UP2440\src\drivers\wavedev\obj\ARMV4I\retail\mixerdrv.obj because target: C:\WINCE600\platform\UP2440\target\ARMV4I\retail\s3c2440a_wavedev.dll is missing.
BUILD: [00:0000000118:INFO  ] Will Build C:\WINCE600\PLATFORM\UP2440\src\drivers\wavedev\ because target: C:\WINCE600\platform\UP2440\target\ARMV4I\retail\s3c2440a_wavedev.dll is missing.
BUILD: [00:0000000119:PROGC ] Building LINK Pass in C:\WINCE600\PLATFORM\UP2440\src\drivers\wavedev\ directory.
BUILD: [00:0000000120:PROG  ] 'NMAKE.EXE TargetExeFiles  -i -c BUILDMSG=Stop.  BUILDROOT=C:\WINCE600\PLATFORM\UP2440 CLEANBUILD=1 LINKONLY=1 NOPASS0=1MAKEDLL=1'
BUILD: [01:0000000121:INFO  ] makefile.def: Including C:\WINCE600\public\common\oak\misc\Sources.default
BUILD: [01:0000000122:INFO  ] makefile.def: BUILDROOT is C:\WINCE600\PLATFORM\UP2440
BUILD: [01:0000000123:INFO  ] makefile.def: Including C:\WINCE600\PLATFORM\UP2440\sources.cmn
BUILD: [01:0000000124:INFO  ] makefile.def: Including C:\WINCE600\PLATFORM\UP2440\src\drivers\wavedev\sources
BUILD: [01:0000000125:INFO  ] makefile.def: Including C:\WINCE600\public\common\oak\misc\Sources.CE
BUILD: [01:0000000126:INFO  ] Directory: C:\WINCE600\PLATFORM\UP2440\src\drivers\wavedev
BUILD: [01:0000000127:INFO  ] TARGETNAME: s3c2440a_wavedev
BUILD: [01:0000000128:INFO  ] makefile.def: Including C:\WINCE600\public\common\oak\misc\sources.ReleaseType_PLATFORM
BUILD: [01:0000000129:INFO  ] 	set LIB=C:\WINCE600\sdk\CE\lib
BUILD: [01:0000000130:PROGC ] Linking C:\WINCE600\platform\UP2440\target\ARMV4I\retail\s3c2440a_wavedev.dll
BUILD: [01:0000000131:INFO  ] 	link /LARGEADDRESSAWARE -out:C:\WINCE600\platform\UP2440\target\ARMV4I\retail\s3c2440a_wavedev.dll -dll -machine:thumb @C:\DOCUME~1\ADMINI~1\LOCALS~1\Temp\nm2EE.tmp
BUILD: [01:0000000132:INFO  ] Microsoft (R) Incremental Linker Version 8.00.50727.42
BUILD: [01:0000000133:INFO  ] Copyright (C) Microsoft Corporation.  All rights reserved.
BUILD: [01:0000000134:INFO  ] 
BUILD: [01:0000000135:INFO  ] -nodefaultlib 
BUILD: [01:0000000136:INFO  ] -include:DllMain -entry:_DllMainCRTStartup 
BUILD: [01:0000000137:INFO  ] -pdb:C:\WINCE600\platform\UP2440\target\ARMV4I\retail\s3c2440a_wavedev.pdb 
BUILD: [01:0000000138:INFO  ] -pdbaltpath:s3c2440a_wavedev.pdb 
BUILD: [01:0000000139:INFO  ] /opt:ref 
BUILD: [01:0000000140:INFO  ] -debug -debugtype:cv -incremental:no 
BUILD: [01:0000000141:INFO  ] -map:C:\WINCE600\platform\UP2440\target\ARMV4I\retail\s3c2440a_wavedev.map 
BUILD: [01:0000000142:INFO  ] -savebaserelocations:C:\WINCE600\platform\UP2440\target\ARMV4I\retail\s3c2440a_wavedev.rel 
BUILD: [01:0000000143:INFO  ] -MERGE:.rdata=.text -merge:.astart=.text -align:4096 -ignore:4001,4070,4078,4086,4089,4096,4099,4108,4229 /STACK:65536,4096 -debugtype:cv,fixup -incremental:no 
BUILD: [01:0000000144:INFO  ] /subsystem:windowsce,6.00 
BUILD: [01:0000000145:INFO  ] /base:0x10000000 
BUILD: [01:0000000146:INFO  ] obj\ARMV4I\retail\devctxt.obj obj\ARMV4I\retail\hwctxt.obj obj\ARMV4I\retail\i2s.obj obj\ARMV4I\retail\input.obj obj\ARMV4I\retail\midinote.obj obj\ARMV4I\retail\midistrm.obj obj\ARMV4I\retail\output.obj obj\ARMV4I\retail\strmctxt.obj obj\ARMV4I\retail\wavemain.obj obj\ARMV4I\retail\mixerdrv.obj 
BUILD: [01:0000000147:INFO  ] C:\WINCE600\platform\UP2440\lib\ARMV4I\retail\ceddk.lib 
BUILD: [01:0000000148:INFO  ] C:\WINCE600\OSDesign\UP2440\Wince600\UP2440_ARMV4I\cesysgen\sdk\lib\ARMV4I\retail\coredll.lib C:\WINCE600\OSDesign\UP2440\Wince600\UP2440_ARMV4I\cesysgen\oak\lib\ARMV4I\retail\corelib0.lib C:\WINCE600\OSDesign\UP2440\Wince600\UP2440_ARMV4I\cesysgen\oak\lib\ARMV4I\retail\corelib1.lib 
BUILD: [01:0000000149:INFO  ] C:\WINCE600\platform\UP2440\lib\ARMV4I\retail\s3c2440a_wavedev.exp 
BUILD: [01:0000000150:INFO  ] 	editbin /nxcompat C:\WINCE600\platform\UP2440\target\ARMV4I\retail\s3c2440a_wavedev.dll
BUILD: [01:0000000151:INFO  ] Microsoft (R) COFF/PE Editor Version 8.00.50727.42
BUILD: [01:0000000152:INFO  ] Copyright (C) Microsoft Corporation.  All rights reserved.
BUILD: [01:0000000153:INFO  ] 
BUILD: [01:0000000154:INFO  ] 
BUILD: [01:0000000155:INFO  ] 	copylink /S:a /D:f /E:a /R:n C:\WINCE600\platform\UP2440\target\ARMV4I\retail\s3c2440a_wavedev.map C:\WINCE600\OSDesign\UP2440\RelDir\UP2440_ARMV4I_Release\s3c2440a_wavedev.map
BUILD: [01:0000000156:INFO  ] 	if exist C:\WINCE600\platform\UP2440\target\ARMV4I\retail\s3c2440a_wavedev.pdb copylink /S:a /D:f /E:a /R:n C:\WINCE600\platform\UP2440\target\ARMV4I\retail\s3c2440a_wavedev.pdb C:\WINCE600\OSDesign\UP2440\RelDir\UP2440_ARMV4I_Release
BUILD: [01:0000000157:INFO  ] 	if exist C:\WINCE600\platform\UP2440\target\ARMV4I\retail\s3c2440a_wavedev.rel copylink /S:a /D:f /E:a /R:n C:\WINCE600\platform\UP2440\target\ARMV4I\retail\s3c2440a_wavedev.rel C:\WINCE600\OSDesign\UP2440\RelDir\UP2440_ARMV4I_Release\s3c2440a_wavedev.rel
BUILD: [01:0000000158:INFO  ] 	copylink /S:a /D:f /E:a /R:n C:\WINCE600\platform\UP2440\target\ARMV4I\retail\s3c2440a_wavedev.dll C:\WINCE600\OSDesign\UP2440\RelDir\UP2440_ARMV4I_Release\s3c2440a_wavedev.dll
BUILD: [00:0000000159:PROGC ] Saving C:\WINCE600\PLATFORM\UP2440\Build.dat.
BUILD: [00:0000000160:INFO  ] Done.
BUILD: [00:0000000161:PROGC ] Done.
BUILD: [00:0000000162:PROGC ]                        Files  Warnings  Errors
BUILD: [00:0000000163:PROGC ] Midl                       0         0       0
BUILD: [00:0000000164:PROGC ] Message                    0         0       0
BUILD: [00:0000000165:PROGC ] Precomp Header             0         0       0
BUILD: [00:0000000166:PROGC ] Resource                   0         0       0
BUILD: [00:0000000167:PROGC ] MASM                       0         0       0
BUILD: [00:0000000168:PROGC ] SHASM                      0         0       0
BUILD: [00:0000000169:PROGC ] ARMASM                     0         0       0
BUILD: [00:0000000170:PROGC ] MIPSASM                    0         0       0
BUILD: [00:0000000171:PROGC ] C++                       10         3       0
BUILD: [00:0000000172:PROGC ] C                          0         0       0
BUILD: [00:0000000173:PROGC ] Static Libraries           0         0       0
BUILD: [00:0000000174:PROGC ] Exe's                      0         0       0
BUILD: [00:0000000175:PROGC ] Dll's                      2         0       0
BUILD: [00:0000000176:PROGC ] Preprocess deffile         0         0       0
BUILD: [00:0000000177:PROGC ] Resx                       0         0       0
BUILD: [00:0000000178:PROGC ] CSharp Compile             0         0       0
BUILD: [00:0000000179:PROGC ] Other                      0         0       0
BUILD: [00:0000000180:PROGC ] 
BUILD: [00:0000000181:PROGC ] Total                     12         3       0
BUILD: [00:0000000182:PROGC ] 
BUILD: [00:0000000183:PROGC ] 3 Warnings,  0 Errors
BUILD: [00:0000000184:PROGC ] GetSystemTimes (seconds): Idle: 48    Kernel: 52    User: 13   
BUILD: [00:0000000185:PROGC ] Elapsed  time  (seconds): 16   
